<?xml version="1.0" encoding="UTF-8"?>
<TestRun id="694b5787-99bb-4a75-a82a-5796aecf28b6" name="JL@JLA 2009-10-19 19:26:14" runUser="JLA\JL" xmlns="http://microsoft.com/schemas/VisualStudio/TeamTest/2006">
  <TestRunConfiguration name="Local Test Run" id="ddf0a898-0e29-4648-b4ed-936846171b10">
    <Description>This is a default test run configuration for a local test run.</Description>
    <Deployment runDeploymentRoot="C:\Documents and Settings\JL\My Documents\Visual Studio 2008\Projects\AutoRFID_JLversion\trunk\AutoRFID\TestResults\JL_JLA 2009-10-19 19_26_14">
      <DeploymentItem filename="C:\Documents and Settings\JL\My Documents\Visual Studio 2008\Projects\AutoRFID_JLversion\trunk\AutoRFID\Fachada\bin\Debug\Fachada.dll" />
    </Deployment>
    <TestTypeSpecific />
  </TestRunConfiguration>
  <ResultSummary outcome="Failed">
    <Counters total="7" executed="2" error="0" failed="2" timeout="0" aborted="0" inconclusive="0" passedButRunAborted="0" notRunnable="0" notExecuted="5" disconnected="0" warning="0" passed="0" completed="0" inProgress="0" pending="0" />
  </ResultSummary>
  <Times creation="2009-10-19T19:26:14.2656250-03:00" queuing="2009-10-19T19:26:16.0937500-03:00" start="2009-10-19T19:26:16.4843750-03:00" finish="2009-10-19T19:26:19.1562500-03:00" />
  <TestDefinitions>
    <OrderedTest name="Funcionario" storage="c:\documents and settings\jl\my documents\visual studio 2008\projects\autorfid_jlversion\trunk\autorfid\testes\funcionario.orderedtest" id="f292b473-d7f4-4447-bbb3-a75cc811df35">
      <Css projectStructure="" iteration="" />
      <Execution timeOut="2147483647" id="230a1004-9eaf-49ad-a707-9db7c98c7cc0" />
      <Owners>
        <Owner name="" />
      </Owners>
      <TestLinks>
        <TestLink id="dfad1513-8f2d-ec2d-3033-169b501e8432" name="InserirFuncionarioTest" storage="bin\debug\testes.dll" type="Microsoft.VisualStudio.TestTools.TestTypes.Unit.UnitTestElement, Microsoft.VisualStudio.QualityTools.Tips.UnitTest.ObjectModel,   PublicKeyToken=b03f5f7f11d50a3a" />
        <TestLink id="01df817c-d4d2-b5dc-4542-87cb4a13f565" name="ConsultarFuncionarioTest" storage="bin\debug\testes.dll" type="Microsoft.VisualStudio.TestTools.TestTypes.Unit.UnitTestElement, Microsoft.VisualStudio.QualityTools.Tips.UnitTest.ObjectModel,   PublicKeyToken=b03f5f7f11d50a3a" />
        <TestLink id="41519cc5-c300-645b-3399-81e4cd93d8f4" name="ConsultarFuncionarioTest1" storage="bin\debug\testes.dll" type="Microsoft.VisualStudio.TestTools.TestTypes.Unit.UnitTestElement, Microsoft.VisualStudio.QualityTools.Tips.UnitTest.ObjectModel,   PublicKeyToken=b03f5f7f11d50a3a" />
        <TestLink id="405addab-7262-0a5a-cd4d-2ab022f9b0be" name="AlterarFuncionarioTest" storage="bin\debug\testes.dll" type="Microsoft.VisualStudio.TestTools.TestTypes.Unit.UnitTestElement, Microsoft.VisualStudio.QualityTools.Tips.UnitTest.ObjectModel,   PublicKeyToken=b03f5f7f11d50a3a" />
        <TestLink id="b1e2b982-79fa-53c4-daa2-de2d38a329e1" name="ListarFuncionarioTest" storage="bin\debug\testes.dll" type="Microsoft.VisualStudio.TestTools.TestTypes.Unit.UnitTestElement, Microsoft.VisualStudio.QualityTools.Tips.UnitTest.ObjectModel,   PublicKeyToken=b03f5f7f11d50a3a" />
        <TestLink id="c85d0891-d82a-3991-df87-b3aa1b18518a" name="ListarFuncionarioTest1" storage="bin\debug\testes.dll" type="Microsoft.VisualStudio.TestTools.TestTypes.Unit.UnitTestElement, Microsoft.VisualStudio.QualityTools.Tips.UnitTest.ObjectModel,   PublicKeyToken=b03f5f7f11d50a3a" />
      </TestLinks>
    </OrderedTest>
    <UnitTest name="ListarFuncionarioTest" storage="c:\documents and settings\jl\my documents\visual studio 2008\projects\autorfid_jlversion\trunk\autorfid\testes\bin\debug\testes.dll" id="b1e2b982-79fa-53c4-daa2-de2d38a329e1">
      <Css projectStructure="" iteration="" />
      <Owners>
        <Owner name="" />
      </Owners>
      <TestMethod codeBase="C:\Documents and Settings\JL\My Documents\Visual Studio 2008\Projects\AutoRFID_JLversion\trunk\AutoRFID\Testes\bin\Debug\Testes.dll" adapterTypeName="Microsoft.VisualStudio.TestTools.TestTypes.Unit.UnitTestAdapter, Microsoft.VisualStudio.QualityTools.Tips.UnitTest.Adapter, Version=9.0.0.0, Culture=neutral, PublicKeyToken=b03f5f7f11d50a3a" className="Testes.FachadaFuncionarioTest, Testes" name="ListarFuncionarioTest" />
    </UnitTest>
    <UnitTest name="InserirFuncionarioTest" storage="c:\documents and settings\jl\my documents\visual studio 2008\projects\autorfid_jlversion\trunk\autorfid\testes\bin\debug\testes.dll" id="dfad1513-8f2d-ec2d-3033-169b501e8432">
      <Css projectStructure="" iteration="" />
      <Owners>
        <Owner name="" />
      </Owners>
      <TestMethod codeBase="C:\Documents and Settings\JL\My Documents\Visual Studio 2008\Projects\AutoRFID_JLversion\trunk\AutoRFID\Testes\bin\Debug\Testes.dll" adapterTypeName="Microsoft.VisualStudio.TestTools.TestTypes.Unit.UnitTestAdapter, Microsoft.VisualStudio.QualityTools.Tips.UnitTest.Adapter, Version=9.0.0.0, Culture=neutral, PublicKeyToken=b03f5f7f11d50a3a" className="Testes.FachadaFuncionarioTest, Testes" name="InserirFuncionarioTest" />
    </UnitTest>
    <UnitTest name="AlterarFuncionarioTest" storage="c:\documents and settings\jl\my documents\visual studio 2008\projects\autorfid_jlversion\trunk\autorfid\testes\bin\debug\testes.dll" id="405addab-7262-0a5a-cd4d-2ab022f9b0be">
      <Css projectStructure="" iteration="" />
      <Owners>
        <Owner name="" />
      </Owners>
      <TestMethod codeBase="C:\Documents and Settings\JL\My Documents\Visual Studio 2008\Projects\AutoRFID_JLversion\trunk\AutoRFID\Testes\bin\Debug\Testes.dll" adapterTypeName="Microsoft.VisualStudio.TestTools.TestTypes.Unit.UnitTestAdapter, Microsoft.VisualStudio.QualityTools.Tips.UnitTest.Adapter, Version=9.0.0.0, Culture=neutral, PublicKeyToken=b03f5f7f11d50a3a" className="Testes.FachadaFuncionarioTest, Testes" name="AlterarFuncionarioTest" />
    </UnitTest>
    <UnitTest name="ListarFuncionarioTest1" storage="c:\documents and settings\jl\my documents\visual studio 2008\projects\autorfid_jlversion\trunk\autorfid\testes\bin\debug\testes.dll" id="c85d0891-d82a-3991-df87-b3aa1b18518a">
      <Css projectStructure="" iteration="" />
      <Owners>
        <Owner name="" />
      </Owners>
      <TestMethod codeBase="C:\Documents and Settings\JL\My Documents\Visual Studio 2008\Projects\AutoRFID_JLversion\trunk\AutoRFID\Testes\bin\Debug\Testes.dll" adapterTypeName="Microsoft.VisualStudio.TestTools.TestTypes.Unit.UnitTestAdapter, Microsoft.VisualStudio.QualityTools.Tips.UnitTest.Adapter, Version=9.0.0.0, Culture=neutral, PublicKeyToken=b03f5f7f11d50a3a" className="Testes.FachadaFuncionarioTest, Testes" name="ListarFuncionarioTest1" />
    </UnitTest>
    <UnitTest name="ConsultarFuncionarioTest1" storage="c:\documents and settings\jl\my documents\visual studio 2008\projects\autorfid_jlversion\trunk\autorfid\testes\bin\debug\testes.dll" id="41519cc5-c300-645b-3399-81e4cd93d8f4">
      <Css projectStructure="" iteration="" />
      <Owners>
        <Owner name="" />
      </Owners>
      <TestMethod codeBase="C:\Documents and Settings\JL\My Documents\Visual Studio 2008\Projects\AutoRFID_JLversion\trunk\AutoRFID\Testes\bin\Debug\Testes.dll" adapterTypeName="Microsoft.VisualStudio.TestTools.TestTypes.Unit.UnitTestAdapter, Microsoft.VisualStudio.QualityTools.Tips.UnitTest.Adapter, Version=9.0.0.0, Culture=neutral, PublicKeyToken=b03f5f7f11d50a3a" className="Testes.FachadaFuncionarioTest, Testes" name="ConsultarFuncionarioTest1" />
    </UnitTest>
    <UnitTest name="ConsultarFuncionarioTest" storage="c:\documents and settings\jl\my documents\visual studio 2008\projects\autorfid_jlversion\trunk\autorfid\testes\bin\debug\testes.dll" id="01df817c-d4d2-b5dc-4542-87cb4a13f565">
      <Css projectStructure="" iteration="" />
      <Owners>
        <Owner name="" />
      </Owners>
      <TestMethod codeBase="C:\Documents and Settings\JL\My Documents\Visual Studio 2008\Projects\AutoRFID_JLversion\trunk\AutoRFID\Testes\bin\Debug\Testes.dll" adapterTypeName="Microsoft.VisualStudio.TestTools.TestTypes.Unit.UnitTestAdapter, Microsoft.VisualStudio.QualityTools.Tips.UnitTest.Adapter, Version=9.0.0.0, Culture=neutral, PublicKeyToken=b03f5f7f11d50a3a" className="Testes.FachadaFuncionarioTest, Testes" name="ConsultarFuncionarioTest" />
    </UnitTest>
  </TestDefinitions>
  <TestLists>
    <TestList name="Results Not in a List" id="8c84fa94-04c1-424b-9868-57a2d4851a1d" />
    <TestList name="All Loaded Results" id="19431567-8539-422a-85d7-44ee4e166bda" />
  </TestLists>
  <TestEntries>
    <TestEntry testId="f292b473-d7f4-4447-bbb3-a75cc811df35" executionId="230a1004-9eaf-49ad-a707-9db7c98c7cc0" testListId="8c84fa94-04c1-424b-9868-57a2d4851a1d">
      <TestEntries>
        <TestEntry testId="dfad1513-8f2d-ec2d-3033-169b501e8432" executionId="d9425543-aef8-4a4e-b6ff-dd1c034a5242" parentExecutionId="230a1004-9eaf-49ad-a707-9db7c98c7cc0" testListId="8c84fa94-04c1-424b-9868-57a2d4851a1d" />
        <TestEntry testId="01df817c-d4d2-b5dc-4542-87cb4a13f565" executionId="e1d4ae7d-a300-463b-a49c-527786006d63" parentExecutionId="230a1004-9eaf-49ad-a707-9db7c98c7cc0" testListId="8c84fa94-04c1-424b-9868-57a2d4851a1d" />
        <TestEntry testId="41519cc5-c300-645b-3399-81e4cd93d8f4" executionId="a0285114-505f-4262-a18a-00df1bcc3be3" parentExecutionId="230a1004-9eaf-49ad-a707-9db7c98c7cc0" testListId="8c84fa94-04c1-424b-9868-57a2d4851a1d" />
        <TestEntry testId="405addab-7262-0a5a-cd4d-2ab022f9b0be" executionId="61d350bd-b352-4a73-aaec-3d6f4fff44ad" parentExecutionId="230a1004-9eaf-49ad-a707-9db7c98c7cc0" testListId="8c84fa94-04c1-424b-9868-57a2d4851a1d" />
        <TestEntry testId="b1e2b982-79fa-53c4-daa2-de2d38a329e1" executionId="c0a2e390-4049-481d-aac9-0a9cc2bacf07" parentExecutionId="230a1004-9eaf-49ad-a707-9db7c98c7cc0" testListId="8c84fa94-04c1-424b-9868-57a2d4851a1d" />
        <TestEntry testId="c85d0891-d82a-3991-df87-b3aa1b18518a" executionId="36026e8f-09fd-4ddd-bee2-3cd42b34767c" parentExecutionId="230a1004-9eaf-49ad-a707-9db7c98c7cc0" testListId="8c84fa94-04c1-424b-9868-57a2d4851a1d" />
      </TestEntries>
    </TestEntry>
  </TestEntries>
  <Results>
    <TestResultAggregation executionId="230a1004-9eaf-49ad-a707-9db7c98c7cc0" testId="f292b473-d7f4-4447-bbb3-a75cc811df35" testName="Funcionario" computerName="JLA" duration="00:00:02.5105375" startTime="2009-10-19T19:26:16.5468750-03:00" endTime="2009-10-19T19:26:19.0937500-03:00" testType="ec4800e8-40e5-4ab3-8510-b8bf29b1904d" outcome="Failed" testListId="8c84fa94-04c1-424b-9868-57a2d4851a1d">
      <Counters error="0" failed="1" timeout="0" aborted="0" inconclusive="0" passedButRunAborted="0" notRunnable="0" notExecuted="5" disconnected="0" warning="0" passed="0" completed="0" inProgress="0" pending="0" />
      <InnerResults>
        <UnitTestResult executionId="d9425543-aef8-4a4e-b6ff-dd1c034a5242" parentExecutionId="230a1004-9eaf-49ad-a707-9db7c98c7cc0" testId="dfad1513-8f2d-ec2d-3033-169b501e8432" testName="InserirFuncionarioTest" computerName="JLA" duration="00:00:01.6004059" startTime="2009-10-19T19:26:16.5781250-03:00" endTime="2009-10-19T19:26:19.0781250-03:00" testType="13cdc9d9-ddb5-4fa4-a97d-d965ccfc6d4b" outcome="Failed" testListId="8c84fa94-04c1-424b-9868-57a2d4851a1d">
          <Output>
            <ErrorInfo>
              <Message>Test method Testes.FachadaFuncionarioTest.InserirFuncionarioTest threw exception:  System.Exception: Erro no Repositorio --&gt; Cannot add or update a child row: a foreign key constraint fails (`autorfid/funcionario`, CONSTRAINT `R_18` FOREIGN KEY (`idEstabelecimento`) REFERENCES `estabelecimento` (`idEstabelecimento`)).</Message>
              <StackTrace>    at Fachada.Repositorio.RepositorioFuncionario.InserirFuncionario(Funcionario f) in C:\Documents and Settings\JL\My Documents\Visual Studio 2008\Projects\AutoRFID_JLversion\trunk\AutoRFID\Fachada\Repositorio\RepositorioFuncionario.cs:line 56
   at Fachada.Controlador.ControladorFuncionario.InserirFuncionario(Funcionario f) in C:\Documents and Settings\JL\My Documents\Visual Studio 2008\Projects\AutoRFID_JLversion\trunk\AutoRFID\Fachada\Controlador\ControladorFuncionario.cs:line 50
   at Fachada.Fachada.Fachada.InserirFuncionario(Funcionario f) in C:\Documents and Settings\JL\My Documents\Visual Studio 2008\Projects\AutoRFID_JLversion\trunk\AutoRFID\Fachada\Fachada\Fachada.cs:line 42
   at Testes.FachadaFuncionarioTest.InserirFuncionarioTest() in C:\Documents and Settings\JL\My Documents\Visual Studio 2008\Projects\AutoRFID_JLversion\trunk\AutoRFID\Testes\FachadaFuncionarioTest.cs:line 110
</StackTrace>
            </ErrorInfo>
          </Output>
        </UnitTestResult>
        <TestResult executionId="e1d4ae7d-a300-463b-a49c-527786006d63" parentExecutionId="230a1004-9eaf-49ad-a707-9db7c98c7cc0" testId="01df817c-d4d2-b5dc-4542-87cb4a13f565" testName="ConsultarFuncionarioTest" computerName="JLA" duration="00:00:00" startTime="0001-01-01T00:00:00.0000000-03:00" endTime="0001-01-01T00:00:00.0000000-03:00" testType="13cdc9d9-ddb5-4fa4-a97d-d965ccfc6d4b" outcome="NotExecuted" testListId="8c84fa94-04c1-424b-9868-57a2d4851a1d" />
        <TestResult executionId="a0285114-505f-4262-a18a-00df1bcc3be3" parentExecutionId="230a1004-9eaf-49ad-a707-9db7c98c7cc0" testId="41519cc5-c300-645b-3399-81e4cd93d8f4" testName="ConsultarFuncionarioTest1" computerName="JLA" duration="00:00:00" startTime="0001-01-01T00:00:00.0000000-03:00" endTime="0001-01-01T00:00:00.0000000-03:00" testType="13cdc9d9-ddb5-4fa4-a97d-d965ccfc6d4b" outcome="NotExecuted" testListId="8c84fa94-04c1-424b-9868-57a2d4851a1d" />
        <TestResult executionId="61d350bd-b352-4a73-aaec-3d6f4fff44ad" parentExecutionId="230a1004-9eaf-49ad-a707-9db7c98c7cc0" testId="405addab-7262-0a5a-cd4d-2ab022f9b0be" testName="AlterarFuncionarioTest" computerName="JLA" duration="00:00:00" startTime="0001-01-01T00:00:00.0000000-03:00" endTime="0001-01-01T00:00:00.0000000-03:00" testType="13cdc9d9-ddb5-4fa4-a97d-d965ccfc6d4b" outcome="NotExecuted" testListId="8c84fa94-04c1-424b-9868-57a2d4851a1d" />
        <TestResult executionId="c0a2e390-4049-481d-aac9-0a9cc2bacf07" parentExecutionId="230a1004-9eaf-49ad-a707-9db7c98c7cc0" testId="b1e2b982-79fa-53c4-daa2-de2d38a329e1" testName="ListarFuncionarioTest" computerName="JLA" duration="00:00:00" startTime="0001-01-01T00:00:00.0000000-03:00" endTime="0001-01-01T00:00:00.0000000-03:00" testType="13cdc9d9-ddb5-4fa4-a97d-d965ccfc6d4b" outcome="NotExecuted" testListId="8c84fa94-04c1-424b-9868-57a2d4851a1d" />
        <TestResult executionId="36026e8f-09fd-4ddd-bee2-3cd42b34767c" parentExecutionId="230a1004-9eaf-49ad-a707-9db7c98c7cc0" testId="c85d0891-d82a-3991-df87-b3aa1b18518a" testName="ListarFuncionarioTest1" computerName="JLA" duration="00:00:00" startTime="0001-01-01T00:00:00.0000000-03:00" endTime="0001-01-01T00:00:00.0000000-03:00" testType="13cdc9d9-ddb5-4fa4-a97d-d965ccfc6d4b" outcome="NotExecuted" testListId="8c84fa94-04c1-424b-9868-57a2d4851a1d" />
      </InnerResults>
    </TestResultAggregation>
  </Results>
</TestRun>