<?xml version="1.0" encoding="UTF-8"?>
<TestRun id="1b51ca5e-f935-4656-be06-1a3fa266955c" name="JL@JLA 2009-10-19 19:54:35" runUser="JLA\JL" xmlns="http://microsoft.com/schemas/VisualStudio/TeamTest/2006">
  <TestRunConfiguration name="Local Test Run" id="ddf0a898-0e29-4648-b4ed-936846171b10">
    <Description>This is a default test run configuration for a local test run.</Description>
    <Deployment runDeploymentRoot="C:\Documents and Settings\JL\My Documents\Visual Studio 2008\Projects\AutoRFID_JLversion\trunk\AutoRFID\TestResults\JL_JLA 2009-10-19 19_54_35">
      <DeploymentItem filename="C:\Documents and Settings\JL\My Documents\Visual Studio 2008\Projects\AutoRFID_JLversion\trunk\AutoRFID\Fachada\bin\Debug\Fachada.dll" />
    </Deployment>
    <TestTypeSpecific />
  </TestRunConfiguration>
  <ResultSummary outcome="Completed">
    <Counters total="1" executed="1" passed="1" error="0" failed="0" timeout="0" aborted="0" inconclusive="0" passedButRunAborted="0" notRunnable="0" notExecuted="0" disconnected="0" warning="0" completed="0" inProgress="0" pending="0" />
  </ResultSummary>
  <Times creation="2009-10-19T19:54:35.7031250-03:00" queuing="2009-10-19T19:54:36.4218750-03:00" start="2009-10-19T19:54:36.4375000-03:00" finish="2009-10-19T19:54:37.4218750-03:00" />
  <TestDefinitions>
    <UnitTest name="AlterarAssociadoTest" storage="c:\documents and settings\jl\my documents\visual studio 2008\projects\autorfid_jlversion\trunk\autorfid\testes\bin\debug\testes.dll" id="f1d70b09-4f3e-b6f6-98d9-56fc1ac3f619">
      <Css projectStructure="" iteration="" />
      <Owners>
        <Owner name="" />
      </Owners>
      <Execution id="74a46395-4b81-4b2d-8e5c-b58a598dd7b8" />
      <TestMethod codeBase="C:\Documents and Settings\JL\My Documents\Visual Studio 2008\Projects\AutoRFID_JLversion\trunk\AutoRFID\Testes\bin\Debug\Testes.dll" adapterTypeName="Microsoft.VisualStudio.TestTools.TestTypes.Unit.UnitTestAdapter, Microsoft.VisualStudio.QualityTools.Tips.UnitTest.Adapter, Version=9.0.0.0, Culture=neutral, PublicKeyToken=b03f5f7f11d50a3a" className="Testes.FachadaAssociadoTest, Testes" name="AlterarAssociadoTest" />
    </UnitTest>
  </TestDefinitions>
  <TestLists>
    <TestList name="Results Not in a List" id="8c84fa94-04c1-424b-9868-57a2d4851a1d" />
    <TestList name="All Loaded Results" id="19431567-8539-422a-85d7-44ee4e166bda" />
  </TestLists>
  <TestEntries>
    <TestEntry testId="f1d70b09-4f3e-b6f6-98d9-56fc1ac3f619" executionId="74a46395-4b81-4b2d-8e5c-b58a598dd7b8" testListId="8c84fa94-04c1-424b-9868-57a2d4851a1d" />
  </TestEntries>
  <Results>
    <UnitTestResult executionId="74a46395-4b81-4b2d-8e5c-b58a598dd7b8" testId="f1d70b09-4f3e-b6f6-98d9-56fc1ac3f619" testName="AlterarAssociadoTest" computerName="JLA" duration="00:00:00.2666079" startTime="2009-10-19T19:54:36.4375000-03:00" endTime="2009-10-19T19:54:37.4062500-03:00" testType="13cdc9d9-ddb5-4fa4-a97d-d965ccfc6d4b" outcome="Passed" testListId="8c84fa94-04c1-424b-9868-57a2d4851a1d">
      <Output>
      </Output>
    </UnitTestResult>
  </Results>
</TestRun>