<?xml version="1.0" encoding="UTF-8"?>
<TestRun id="6587bd4f-f8f2-43d9-88ec-392887a80f47" name="JL@JLA 2009-10-19 19:34:32" runUser="JLA\JL" xmlns="http://microsoft.com/schemas/VisualStudio/TeamTest/2006">
  <TestRunConfiguration name="Local Test Run" id="ddf0a898-0e29-4648-b4ed-936846171b10">
    <Description>This is a default test run configuration for a local test run.</Description>
    <Deployment runDeploymentRoot="C:\Documents and Settings\JL\My Documents\Visual Studio 2008\Projects\AutoRFID_JLversion\trunk\AutoRFID\TestResults\JL_JLA 2009-10-19 19_34_32">
      <DeploymentItem filename="C:\Documents and Settings\JL\My Documents\Visual Studio 2008\Projects\AutoRFID_JLversion\trunk\AutoRFID\Fachada\bin\Debug\Fachada.dll" />
    </Deployment>
    <TestTypeSpecific />
  </TestRunConfiguration>
  <ResultSummary outcome="Failed">
    <Counters total="6" executed="6" passed="4" error="0" failed="2" timeout="0" aborted="0" inconclusive="0" passedButRunAborted="0" notRunnable="0" notExecuted="0" disconnected="0" warning="0" completed="0" inProgress="0" pending="0" />
  </ResultSummary>
  <Times creation="2009-10-19T19:34:32.3281250-03:00" queuing="2009-10-19T19:34:33.0625000-03:00" start="2009-10-19T19:34:33.0937500-03:00" finish="2009-10-19T19:34:34.1406250-03:00" />
  <TestDefinitions>
    <UnitTest name="ListarAssociadoTest" storage="c:\documents and settings\jl\my documents\visual studio 2008\projects\autorfid_jlversion\trunk\autorfid\testes\bin\debug\testes.dll" id="8e2e0b8c-24e1-1157-41fd-8a0d2ef38856">
      <Css projectStructure="" iteration="" />
      <Owners>
        <Owner name="" />
      </Owners>
      <TestMethod codeBase="C:\Documents and Settings\JL\My Documents\Visual Studio 2008\Projects\AutoRFID_JLversion\trunk\AutoRFID\Testes\bin\Debug\Testes.dll" adapterTypeName="Microsoft.VisualStudio.TestTools.TestTypes.Unit.UnitTestAdapter, Microsoft.VisualStudio.QualityTools.Tips.UnitTest.Adapter, Version=9.0.0.0, Culture=neutral, PublicKeyToken=b03f5f7f11d50a3a" className="Testes.FachadaAssociadoTest, Testes" name="ListarAssociadoTest" />
    </UnitTest>
    <UnitTest name="ConsultarAssociadoTest1" storage="c:\documents and settings\jl\my documents\visual studio 2008\projects\autorfid_jlversion\trunk\autorfid\testes\bin\debug\testes.dll" id="86f9318d-36c5-1530-1f43-d38616b6be00">
      <Css projectStructure="" iteration="" />
      <Owners>
        <Owner name="" />
      </Owners>
      <TestMethod codeBase="C:\Documents and Settings\JL\My Documents\Visual Studio 2008\Projects\AutoRFID_JLversion\trunk\AutoRFID\Testes\bin\Debug\Testes.dll" adapterTypeName="Microsoft.VisualStudio.TestTools.TestTypes.Unit.UnitTestAdapter, Microsoft.VisualStudio.QualityTools.Tips.UnitTest.Adapter, Version=9.0.0.0, Culture=neutral, PublicKeyToken=b03f5f7f11d50a3a" className="Testes.FachadaAssociadoTest, Testes" name="ConsultarAssociadoTest1" />
    </UnitTest>
    <UnitTest name="InserirAssociadoTest" storage="c:\documents and settings\jl\my documents\visual studio 2008\projects\autorfid_jlversion\trunk\autorfid\testes\bin\debug\testes.dll" id="79eb4cb2-d216-bab4-86f5-34dad42ddb7a">
      <Css projectStructure="" iteration="" />
      <Owners>
        <Owner name="" />
      </Owners>
      <TestMethod codeBase="C:\Documents and Settings\JL\My Documents\Visual Studio 2008\Projects\AutoRFID_JLversion\trunk\AutoRFID\Testes\bin\Debug\Testes.dll" adapterTypeName="Microsoft.VisualStudio.TestTools.TestTypes.Unit.UnitTestAdapter, Microsoft.VisualStudio.QualityTools.Tips.UnitTest.Adapter, Version=9.0.0.0, Culture=neutral, PublicKeyToken=b03f5f7f11d50a3a" className="Testes.FachadaAssociadoTest, Testes" name="InserirAssociadoTest" />
    </UnitTest>
    <UnitTest name="AlterarAssociadoTest" storage="c:\documents and settings\jl\my documents\visual studio 2008\projects\autorfid_jlversion\trunk\autorfid\testes\bin\debug\testes.dll" id="f1d70b09-4f3e-b6f6-98d9-56fc1ac3f619">
      <Css projectStructure="" iteration="" />
      <Owners>
        <Owner name="" />
      </Owners>
      <TestMethod codeBase="C:\Documents and Settings\JL\My Documents\Visual Studio 2008\Projects\AutoRFID_JLversion\trunk\AutoRFID\Testes\bin\Debug\Testes.dll" adapterTypeName="Microsoft.VisualStudio.TestTools.TestTypes.Unit.UnitTestAdapter, Microsoft.VisualStudio.QualityTools.Tips.UnitTest.Adapter, Version=9.0.0.0, Culture=neutral, PublicKeyToken=b03f5f7f11d50a3a" className="Testes.FachadaAssociadoTest, Testes" name="AlterarAssociadoTest" />
    </UnitTest>
    <UnitTest name="ExcluirAssociadoTest" storage="c:\documents and settings\jl\my documents\visual studio 2008\projects\autorfid_jlversion\trunk\autorfid\testes\bin\debug\testes.dll" id="d2370c58-d793-e03f-1b8b-f87543f174ff">
      <Css projectStructure="" iteration="" />
      <Owners>
        <Owner name="" />
      </Owners>
      <TestMethod codeBase="C:\Documents and Settings\JL\My Documents\Visual Studio 2008\Projects\AutoRFID_JLversion\trunk\AutoRFID\Testes\bin\Debug\Testes.dll" adapterTypeName="Microsoft.VisualStudio.TestTools.TestTypes.Unit.UnitTestAdapter, Microsoft.VisualStudio.QualityTools.Tips.UnitTest.Adapter, Version=9.0.0.0, Culture=neutral, PublicKeyToken=b03f5f7f11d50a3a" className="Testes.FachadaAssociadoTest, Testes" name="ExcluirAssociadoTest" />
    </UnitTest>
    <OrderedTest name="Associado" storage="c:\documents and settings\jl\my documents\visual studio 2008\projects\autorfid_jlversion\trunk\autorfid\testes\associado.orderedtest" id="14daae63-c3c9-49f5-83b4-ed67b0d39d62" continueAfterFailure="true">
      <Css projectStructure="" iteration="" />
      <Execution timeOut="2147483647" id="bd48765a-cff2-4053-9208-620925dcd5f8" />
      <Owners>
        <Owner name="" />
      </Owners>
      <TestLinks>
        <TestLink id="79eb4cb2-d216-bab4-86f5-34dad42ddb7a" name="InserirAssociadoTest" storage="bin\debug\testes.dll" type="Microsoft.VisualStudio.TestTools.TestTypes.Unit.UnitTestElement, Microsoft.VisualStudio.QualityTools.Tips.UnitTest.ObjectModel,   PublicKeyToken=b03f5f7f11d50a3a" />
        <TestLink id="f1d70b09-4f3e-b6f6-98d9-56fc1ac3f619" name="AlterarAssociadoTest" storage="bin\debug\testes.dll" type="Microsoft.VisualStudio.TestTools.TestTypes.Unit.UnitTestElement, Microsoft.VisualStudio.QualityTools.Tips.UnitTest.ObjectModel,   PublicKeyToken=b03f5f7f11d50a3a" />
        <TestLink id="86f9318d-36c5-1530-1f43-d38616b6be00" name="ConsultarAssociadoTest1" storage="bin\debug\testes.dll" type="Microsoft.VisualStudio.TestTools.TestTypes.Unit.UnitTestElement, Microsoft.VisualStudio.QualityTools.Tips.UnitTest.ObjectModel,   PublicKeyToken=b03f5f7f11d50a3a" />
        <TestLink id="8e2e0b8c-24e1-1157-41fd-8a0d2ef38856" name="ListarAssociadoTest" storage="bin\debug\testes.dll" type="Microsoft.VisualStudio.TestTools.TestTypes.Unit.UnitTestElement, Microsoft.VisualStudio.QualityTools.Tips.UnitTest.ObjectModel,   PublicKeyToken=b03f5f7f11d50a3a" />
        <TestLink id="d2370c58-d793-e03f-1b8b-f87543f174ff" name="ExcluirAssociadoTest" storage="bin\debug\testes.dll" type="Microsoft.VisualStudio.TestTools.TestTypes.Unit.UnitTestElement, Microsoft.VisualStudio.QualityTools.Tips.UnitTest.ObjectModel,   PublicKeyToken=b03f5f7f11d50a3a" />
      </TestLinks>
    </OrderedTest>
  </TestDefinitions>
  <TestLists>
    <TestList name="Results Not in a List" id="8c84fa94-04c1-424b-9868-57a2d4851a1d" />
    <TestList name="All Loaded Results" id="19431567-8539-422a-85d7-44ee4e166bda" />
  </TestLists>
  <TestEntries>
    <TestEntry testId="14daae63-c3c9-49f5-83b4-ed67b0d39d62" executionId="bd48765a-cff2-4053-9208-620925dcd5f8" testListId="8c84fa94-04c1-424b-9868-57a2d4851a1d">
      <TestEntries>
        <TestEntry testId="79eb4cb2-d216-bab4-86f5-34dad42ddb7a" executionId="28a50d59-9b9a-4c91-a6cb-0ea10dc2f062" parentExecutionId="bd48765a-cff2-4053-9208-620925dcd5f8" testListId="8c84fa94-04c1-424b-9868-57a2d4851a1d" />
        <TestEntry testId="f1d70b09-4f3e-b6f6-98d9-56fc1ac3f619" executionId="277658a5-db29-4762-a57f-1870d82f366a" parentExecutionId="bd48765a-cff2-4053-9208-620925dcd5f8" testListId="8c84fa94-04c1-424b-9868-57a2d4851a1d" />
        <TestEntry testId="86f9318d-36c5-1530-1f43-d38616b6be00" executionId="454443e0-c34b-480c-ba11-4e6e609b5b15" parentExecutionId="bd48765a-cff2-4053-9208-620925dcd5f8" testListId="8c84fa94-04c1-424b-9868-57a2d4851a1d" />
        <TestEntry testId="8e2e0b8c-24e1-1157-41fd-8a0d2ef38856" executionId="fd27ec87-0de4-47a2-b4dc-07f51ca36807" parentExecutionId="bd48765a-cff2-4053-9208-620925dcd5f8" testListId="8c84fa94-04c1-424b-9868-57a2d4851a1d" />
        <TestEntry testId="d2370c58-d793-e03f-1b8b-f87543f174ff" executionId="010855ce-d7e1-46c9-9783-af119c893ac0" parentExecutionId="bd48765a-cff2-4053-9208-620925dcd5f8" testListId="8c84fa94-04c1-424b-9868-57a2d4851a1d" />
      </TestEntries>
    </TestEntry>
  </TestEntries>
  <Results>
    <TestResultAggregation executionId="bd48765a-cff2-4053-9208-620925dcd5f8" testId="14daae63-c3c9-49f5-83b4-ed67b0d39d62" testName="Associado" computerName="JLA" duration="00:00:01.0180584" startTime="2009-10-19T19:34:33.0937500-03:00" endTime="2009-10-19T19:34:34.1250000-03:00" testType="ec4800e8-40e5-4ab3-8510-b8bf29b1904d" outcome="Failed" testListId="8c84fa94-04c1-424b-9868-57a2d4851a1d">
      <Counters error="0" failed="1" timeout="0" aborted="0" inconclusive="0" passedButRunAborted="0" notRunnable="0" notExecuted="0" disconnected="0" warning="0" passed="4" completed="0" inProgress="0" pending="0" />
      <InnerResults>
        <UnitTestResult executionId="28a50d59-9b9a-4c91-a6cb-0ea10dc2f062" parentExecutionId="bd48765a-cff2-4053-9208-620925dcd5f8" testId="79eb4cb2-d216-bab4-86f5-34dad42ddb7a" testName="InserirAssociadoTest" computerName="JLA" duration="00:00:00.2180151" startTime="2009-10-19T19:34:33.0937500-03:00" endTime="2009-10-19T19:34:34.0156250-03:00" testType="13cdc9d9-ddb5-4fa4-a97d-d965ccfc6d4b" outcome="Passed" testListId="8c84fa94-04c1-424b-9868-57a2d4851a1d">
          <Output>
          </Output>
        </UnitTestResult>
        <UnitTestResult executionId="277658a5-db29-4762-a57f-1870d82f366a" parentExecutionId="bd48765a-cff2-4053-9208-620925dcd5f8" testId="f1d70b09-4f3e-b6f6-98d9-56fc1ac3f619" testName="AlterarAssociadoTest" computerName="JLA" duration="00:00:00.0494291" startTime="2009-10-19T19:34:34.0156250-03:00" endTime="2009-10-19T19:34:34.0781250-03:00" testType="13cdc9d9-ddb5-4fa4-a97d-d965ccfc6d4b" outcome="Failed" testListId="8c84fa94-04c1-424b-9868-57a2d4851a1d">
          <Output>
            <ErrorInfo>
              <Message>Test method Testes.FachadaAssociadoTest.AlterarAssociadoTest threw exception:  System.InvalidOperationException: The CommandText property has not been properly initialized..</Message>
              <StackTrace>    at MySql.Data.MySqlClient.MySqlCommand.ExecuteReader(CommandBehavior behavior)
   at MySql.Data.MySqlClient.MySqlCommand.ExecuteDbDataReader(CommandBehavior behavior)
   at System.Data.Common.DbCommand.System.Data.IDbCommand.ExecuteReader(CommandBehavior behavior)
   at System.Data.Common.DbDataAdapter.FillInternal(DataSet dataset, DataTable[] datatables, Int32 startRecord, Int32 maxRecords, String srcTable, IDbCommand command, CommandBehavior behavior)
   at System.Data.Common.DbDataAdapter.Fill(DataSet dataSet, Int32 startRecord, Int32 maxRecords, String srcTable, IDbCommand command, CommandBehavior behavior)
   at System.Data.Common.DbDataAdapter.Fill(DataSet dataSet, String srcTable)
   at Fachada.Repositorio.RepositorioAssociado.consultarAssociado(String cpfcnpjPass) in C:\Documents and Settings\JL\My Documents\Visual Studio 2008\Projects\AutoRFID_JLversion\trunk\AutoRFID\Fachada\Repositorio\RepositorioAssociado.cs:line 201
   at Fachada.Controlador.ControladorAssociado.consultarAssociado(String cpfcnpj) in C:\Documents and Settings\JL\My Documents\Visual Studio 2008\Projects\AutoRFID_JLversion\trunk\AutoRFID\Fachada\Controlador\ControladorAssociado.cs:line 138
   at Fachada.Fachada.Fachada.ConsultarAssociado(String cpfcnpj) in C:\Documents and Settings\JL\My Documents\Visual Studio 2008\Projects\AutoRFID_JLversion\trunk\AutoRFID\Fachada\Fachada\Fachada.cs:line 107
   at Testes.FachadaAssociadoTest.AlterarAssociadoTest() in C:\Documents and Settings\JL\My Documents\Visual Studio 2008\Projects\AutoRFID_JLversion\trunk\AutoRFID\Testes\FachadaAssociadoTest.cs:line 144
</StackTrace>
            </ErrorInfo>
          </Output>
        </UnitTestResult>
        <UnitTestResult executionId="454443e0-c34b-480c-ba11-4e6e609b5b15" parentExecutionId="bd48765a-cff2-4053-9208-620925dcd5f8" testId="86f9318d-36c5-1530-1f43-d38616b6be00" testName="ConsultarAssociadoTest1" computerName="JLA" duration="00:00:00.0022553" startTime="2009-10-19T19:34:34.0781250-03:00" endTime="2009-10-19T19:34:34.0937500-03:00" testType="13cdc9d9-ddb5-4fa4-a97d-d965ccfc6d4b" outcome="Passed" testListId="8c84fa94-04c1-424b-9868-57a2d4851a1d">
          <Output>
          </Output>
        </UnitTestResult>
        <UnitTestResult executionId="fd27ec87-0de4-47a2-b4dc-07f51ca36807" parentExecutionId="bd48765a-cff2-4053-9208-620925dcd5f8" testId="8e2e0b8c-24e1-1157-41fd-8a0d2ef38856" testName="ListarAssociadoTest" computerName="JLA" duration="00:00:00.0037214" startTime="2009-10-19T19:34:34.0937500-03:00" endTime="2009-10-19T19:34:34.1093750-03:00" testType="13cdc9d9-ddb5-4fa4-a97d-d965ccfc6d4b" outcome="Passed" testListId="8c84fa94-04c1-424b-9868-57a2d4851a1d">
          <Output>
          </Output>
        </UnitTestResult>
        <UnitTestResult executionId="010855ce-d7e1-46c9-9783-af119c893ac0" parentExecutionId="bd48765a-cff2-4053-9208-620925dcd5f8" testId="d2370c58-d793-e03f-1b8b-f87543f174ff" testName="ExcluirAssociadoTest" computerName="JLA" duration="00:00:00.0043011" startTime="2009-10-19T19:34:34.1093750-03:00" endTime="2009-10-19T19:34:34.1250000-03:00" testType="13cdc9d9-ddb5-4fa4-a97d-d965ccfc6d4b" outcome="Passed" testListId="8c84fa94-04c1-424b-9868-57a2d4851a1d">
          <Output>
          </Output>
        </UnitTestResult>
      </InnerResults>
    </TestResultAggregation>
  </Results>
</TestRun>