<?xml version="1.0" encoding="UTF-8"?>
<TestRun id="fbbe1453-2ea1-4c88-a74f-d2793bf1974b" name="JL@JLA 2009-10-19 19:55:58" runUser="JLA\JL" xmlns="http://microsoft.com/schemas/VisualStudio/TeamTest/2006">
  <TestRunConfiguration name="Local Test Run" id="ddf0a898-0e29-4648-b4ed-936846171b10">
    <Description>This is a default test run configuration for a local test run.</Description>
    <Deployment runDeploymentRoot="C:\Documents and Settings\JL\My Documents\Visual Studio 2008\Projects\AutoRFID_JLversion\trunk\AutoRFID\TestResults\JL_JLA 2009-10-19 19_55_58">
      <DeploymentItem filename="C:\Documents and Settings\JL\My Documents\Visual Studio 2008\Projects\AutoRFID_JLversion\trunk\AutoRFID\Fachada\bin\Debug\Fachada.dll" />
    </Deployment>
    <TestTypeSpecific />
  </TestRunConfiguration>
  <ResultSummary outcome="Failed">
    <Counters total="6" executed="6" passed="4" error="0" failed="2" timeout="0" aborted="0" inconclusive="0" passedButRunAborted="0" notRunnable="0" notExecuted="0" disconnected="0" warning="0" completed="0" inProgress="0" pending="0" />
  </ResultSummary>
  <Times creation="2009-10-19T19:55:58.0937500-03:00" queuing="2009-10-19T19:55:58.7187500-03:00" start="2009-10-19T19:55:58.7968750-03:00" finish="2009-10-19T19:55:59.7500000-03:00" />
  <TestDefinitions>
    <UnitTest name="ListarAssociadoTest" storage="c:\documents and settings\jl\my documents\visual studio 2008\projects\autorfid_jlversion\trunk\autorfid\testes\bin\debug\testes.dll" id="8e2e0b8c-24e1-1157-41fd-8a0d2ef38856">
      <Css projectStructure="" iteration="" />
      <Owners>
        <Owner name="" />
      </Owners>
      <TestMethod codeBase="C:\Documents and Settings\JL\My Documents\Visual Studio 2008\Projects\AutoRFID_JLversion\trunk\AutoRFID\Testes\bin\Debug\Testes.dll" adapterTypeName="Microsoft.VisualStudio.TestTools.TestTypes.Unit.UnitTestAdapter, Microsoft.VisualStudio.QualityTools.Tips.UnitTest.Adapter, Version=9.0.0.0, Culture=neutral, PublicKeyToken=b03f5f7f11d50a3a" className="Testes.FachadaAssociadoTest, Testes" name="ListarAssociadoTest" />
    </UnitTest>
    <UnitTest name="ConsultarAssociadoTest1" storage="c:\documents and settings\jl\my documents\visual studio 2008\projects\autorfid_jlversion\trunk\autorfid\testes\bin\debug\testes.dll" id="86f9318d-36c5-1530-1f43-d38616b6be00">
      <Css projectStructure="" iteration="" />
      <Owners>
        <Owner name="" />
      </Owners>
      <TestMethod codeBase="C:\Documents and Settings\JL\My Documents\Visual Studio 2008\Projects\AutoRFID_JLversion\trunk\AutoRFID\Testes\bin\Debug\Testes.dll" adapterTypeName="Microsoft.VisualStudio.TestTools.TestTypes.Unit.UnitTestAdapter, Microsoft.VisualStudio.QualityTools.Tips.UnitTest.Adapter, Version=9.0.0.0, Culture=neutral, PublicKeyToken=b03f5f7f11d50a3a" className="Testes.FachadaAssociadoTest, Testes" name="ConsultarAssociadoTest1" />
    </UnitTest>
    <UnitTest name="InserirAssociadoTest" storage="c:\documents and settings\jl\my documents\visual studio 2008\projects\autorfid_jlversion\trunk\autorfid\testes\bin\debug\testes.dll" id="79eb4cb2-d216-bab4-86f5-34dad42ddb7a">
      <Css projectStructure="" iteration="" />
      <Owners>
        <Owner name="" />
      </Owners>
      <TestMethod codeBase="C:\Documents and Settings\JL\My Documents\Visual Studio 2008\Projects\AutoRFID_JLversion\trunk\AutoRFID\Testes\bin\Debug\Testes.dll" adapterTypeName="Microsoft.VisualStudio.TestTools.TestTypes.Unit.UnitTestAdapter, Microsoft.VisualStudio.QualityTools.Tips.UnitTest.Adapter, Version=9.0.0.0, Culture=neutral, PublicKeyToken=b03f5f7f11d50a3a" className="Testes.FachadaAssociadoTest, Testes" name="InserirAssociadoTest" />
    </UnitTest>
    <UnitTest name="AlterarAssociadoTest" storage="c:\documents and settings\jl\my documents\visual studio 2008\projects\autorfid_jlversion\trunk\autorfid\testes\bin\debug\testes.dll" id="f1d70b09-4f3e-b6f6-98d9-56fc1ac3f619">
      <Css projectStructure="" iteration="" />
      <Owners>
        <Owner name="" />
      </Owners>
      <Execution id="74a46395-4b81-4b2d-8e5c-b58a598dd7b8" />
      <TestMethod codeBase="C:\Documents and Settings\JL\My Documents\Visual Studio 2008\Projects\AutoRFID_JLversion\trunk\AutoRFID\Testes\bin\Debug\Testes.dll" adapterTypeName="Microsoft.VisualStudio.TestTools.TestTypes.Unit.UnitTestAdapter, Microsoft.VisualStudio.QualityTools.Tips.UnitTest.Adapter, Version=9.0.0.0, Culture=neutral, PublicKeyToken=b03f5f7f11d50a3a" className="Testes.FachadaAssociadoTest, Testes" name="AlterarAssociadoTest" />
    </UnitTest>
    <UnitTest name="ExcluirAssociadoTest" storage="c:\documents and settings\jl\my documents\visual studio 2008\projects\autorfid_jlversion\trunk\autorfid\testes\bin\debug\testes.dll" id="d2370c58-d793-e03f-1b8b-f87543f174ff">
      <Css projectStructure="" iteration="" />
      <Owners>
        <Owner name="" />
      </Owners>
      <TestMethod codeBase="C:\Documents and Settings\JL\My Documents\Visual Studio 2008\Projects\AutoRFID_JLversion\trunk\AutoRFID\Testes\bin\Debug\Testes.dll" adapterTypeName="Microsoft.VisualStudio.TestTools.TestTypes.Unit.UnitTestAdapter, Microsoft.VisualStudio.QualityTools.Tips.UnitTest.Adapter, Version=9.0.0.0, Culture=neutral, PublicKeyToken=b03f5f7f11d50a3a" className="Testes.FachadaAssociadoTest, Testes" name="ExcluirAssociadoTest" />
    </UnitTest>
    <OrderedTest name="Associado" storage="c:\documents and settings\jl\my documents\visual studio 2008\projects\autorfid_jlversion\trunk\autorfid\testes\associado.orderedtest" id="14daae63-c3c9-49f5-83b4-ed67b0d39d62" continueAfterFailure="true">
      <Css projectStructure="" iteration="" />
      <Execution timeOut="2147483647" id="0d48faa6-7028-44e4-a3c8-f003e31972f0" />
      <Owners>
        <Owner name="" />
      </Owners>
      <TestLinks>
        <TestLink id="79eb4cb2-d216-bab4-86f5-34dad42ddb7a" name="InserirAssociadoTest" storage="bin\debug\testes.dll" type="Microsoft.VisualStudio.TestTools.TestTypes.Unit.UnitTestElement, Microsoft.VisualStudio.QualityTools.Tips.UnitTest.ObjectModel,   PublicKeyToken=b03f5f7f11d50a3a" />
        <TestLink id="f1d70b09-4f3e-b6f6-98d9-56fc1ac3f619" name="AlterarAssociadoTest" storage="bin\debug\testes.dll" type="Microsoft.VisualStudio.TestTools.TestTypes.Unit.UnitTestElement, Microsoft.VisualStudio.QualityTools.Tips.UnitTest.ObjectModel,   PublicKeyToken=b03f5f7f11d50a3a" />
        <TestLink id="86f9318d-36c5-1530-1f43-d38616b6be00" name="ConsultarAssociadoTest1" storage="bin\debug\testes.dll" type="Microsoft.VisualStudio.TestTools.TestTypes.Unit.UnitTestElement, Microsoft.VisualStudio.QualityTools.Tips.UnitTest.ObjectModel,   PublicKeyToken=b03f5f7f11d50a3a" />
        <TestLink id="8e2e0b8c-24e1-1157-41fd-8a0d2ef38856" name="ListarAssociadoTest" storage="bin\debug\testes.dll" type="Microsoft.VisualStudio.TestTools.TestTypes.Unit.UnitTestElement, Microsoft.VisualStudio.QualityTools.Tips.UnitTest.ObjectModel,   PublicKeyToken=b03f5f7f11d50a3a" />
        <TestLink id="d2370c58-d793-e03f-1b8b-f87543f174ff" name="ExcluirAssociadoTest" storage="bin\debug\testes.dll" type="Microsoft.VisualStudio.TestTools.TestTypes.Unit.UnitTestElement, Microsoft.VisualStudio.QualityTools.Tips.UnitTest.ObjectModel,   PublicKeyToken=b03f5f7f11d50a3a" />
      </TestLinks>
    </OrderedTest>
  </TestDefinitions>
  <TestLists>
    <TestList name="Results Not in a List" id="8c84fa94-04c1-424b-9868-57a2d4851a1d" />
    <TestList name="All Loaded Results" id="19431567-8539-422a-85d7-44ee4e166bda" />
  </TestLists>
  <TestEntries>
    <TestEntry testId="14daae63-c3c9-49f5-83b4-ed67b0d39d62" executionId="0d48faa6-7028-44e4-a3c8-f003e31972f0" testListId="8c84fa94-04c1-424b-9868-57a2d4851a1d">
      <TestEntries>
        <TestEntry testId="79eb4cb2-d216-bab4-86f5-34dad42ddb7a" executionId="5cada2e6-fb1f-44cd-a3f6-cc964a0e789c" parentExecutionId="0d48faa6-7028-44e4-a3c8-f003e31972f0" testListId="8c84fa94-04c1-424b-9868-57a2d4851a1d" />
        <TestEntry testId="f1d70b09-4f3e-b6f6-98d9-56fc1ac3f619" executionId="17a49c32-5f9e-456a-ab96-814a3f69d2f3" parentExecutionId="0d48faa6-7028-44e4-a3c8-f003e31972f0" testListId="8c84fa94-04c1-424b-9868-57a2d4851a1d" />
        <TestEntry testId="86f9318d-36c5-1530-1f43-d38616b6be00" executionId="185c7180-3499-4fa1-86a2-ec83bc79fa45" parentExecutionId="0d48faa6-7028-44e4-a3c8-f003e31972f0" testListId="8c84fa94-04c1-424b-9868-57a2d4851a1d" />
        <TestEntry testId="8e2e0b8c-24e1-1157-41fd-8a0d2ef38856" executionId="db1a8f0d-f358-465e-b5e8-3caa979d9285" parentExecutionId="0d48faa6-7028-44e4-a3c8-f003e31972f0" testListId="8c84fa94-04c1-424b-9868-57a2d4851a1d" />
        <TestEntry testId="d2370c58-d793-e03f-1b8b-f87543f174ff" executionId="f9f9a527-9d9a-4071-b309-afa5bb8209e8" parentExecutionId="0d48faa6-7028-44e4-a3c8-f003e31972f0" testListId="8c84fa94-04c1-424b-9868-57a2d4851a1d" />
      </TestEntries>
    </TestEntry>
  </TestEntries>
  <Results>
    <TestResultAggregation executionId="0d48faa6-7028-44e4-a3c8-f003e31972f0" testId="14daae63-c3c9-49f5-83b4-ed67b0d39d62" testName="Associado" computerName="JLA" duration="00:00:00.9100251" startTime="2009-10-19T19:55:58.7968750-03:00" endTime="2009-10-19T19:55:59.7343750-03:00" testType="ec4800e8-40e5-4ab3-8510-b8bf29b1904d" outcome="Failed" testListId="8c84fa94-04c1-424b-9868-57a2d4851a1d">
      <Counters error="0" failed="1" timeout="0" aborted="0" inconclusive="0" passedButRunAborted="0" notRunnable="0" notExecuted="0" disconnected="0" warning="0" passed="4" completed="0" inProgress="0" pending="0" />
      <InnerResults>
        <UnitTestResult executionId="5cada2e6-fb1f-44cd-a3f6-cc964a0e789c" parentExecutionId="0d48faa6-7028-44e4-a3c8-f003e31972f0" testId="79eb4cb2-d216-bab4-86f5-34dad42ddb7a" testName="InserirAssociadoTest" computerName="JLA" duration="00:00:00.1865343" startTime="2009-10-19T19:55:58.8281250-03:00" endTime="2009-10-19T19:55:59.6875000-03:00" testType="13cdc9d9-ddb5-4fa4-a97d-d965ccfc6d4b" outcome="Failed" testListId="8c84fa94-04c1-424b-9868-57a2d4851a1d">
          <Output>
            <ErrorInfo>
              <Message>Test method Testes.FachadaAssociadoTest.InserirAssociadoTest threw exception:  System.Exception: Associado já cadastrado!.</Message>
              <StackTrace>    at Fachada.Controlador.ControladorAssociado.inserirAssociado(Associado objAssociado) in C:\Documents and Settings\JL\My Documents\Visual Studio 2008\Projects\AutoRFID_JLversion\trunk\AutoRFID\Fachada\Controlador\ControladorAssociado.cs:line 65
   at Fachada.Fachada.Fachada.InserirAssociado(Associado Asso) in C:\Documents and Settings\JL\My Documents\Visual Studio 2008\Projects\AutoRFID_JLversion\trunk\AutoRFID\Fachada\Fachada\Fachada.cs:line 87
   at Testes.FachadaAssociadoTest.InserirAssociadoTest() in C:\Documents and Settings\JL\My Documents\Visual Studio 2008\Projects\AutoRFID_JLversion\trunk\AutoRFID\Testes\FachadaAssociadoTest.cs:line 103
</StackTrace>
            </ErrorInfo>
          </Output>
        </UnitTestResult>
        <UnitTestResult executionId="17a49c32-5f9e-456a-ab96-814a3f69d2f3" parentExecutionId="0d48faa6-7028-44e4-a3c8-f003e31972f0" testId="f1d70b09-4f3e-b6f6-98d9-56fc1ac3f619" testName="AlterarAssociadoTest" computerName="JLA" duration="00:00:00.0094048" startTime="2009-10-19T19:55:59.7031250-03:00" endTime="2009-10-19T19:55:59.7031250-03:00" testType="13cdc9d9-ddb5-4fa4-a97d-d965ccfc6d4b" outcome="Passed" testListId="8c84fa94-04c1-424b-9868-57a2d4851a1d">
          <Output>
          </Output>
        </UnitTestResult>
        <UnitTestResult executionId="185c7180-3499-4fa1-86a2-ec83bc79fa45" parentExecutionId="0d48faa6-7028-44e4-a3c8-f003e31972f0" testId="86f9318d-36c5-1530-1f43-d38616b6be00" testName="ConsultarAssociadoTest1" computerName="JLA" duration="00:00:00.0024053" startTime="2009-10-19T19:55:59.7031250-03:00" endTime="2009-10-19T19:55:59.7187500-03:00" testType="13cdc9d9-ddb5-4fa4-a97d-d965ccfc6d4b" outcome="Passed" testListId="8c84fa94-04c1-424b-9868-57a2d4851a1d">
          <Output>
          </Output>
        </UnitTestResult>
        <UnitTestResult executionId="db1a8f0d-f358-465e-b5e8-3caa979d9285" parentExecutionId="0d48faa6-7028-44e4-a3c8-f003e31972f0" testId="8e2e0b8c-24e1-1157-41fd-8a0d2ef38856" testName="ListarAssociadoTest" computerName="JLA" duration="00:00:00.0039806" startTime="2009-10-19T19:55:59.7187500-03:00" endTime="2009-10-19T19:55:59.7187500-03:00" testType="13cdc9d9-ddb5-4fa4-a97d-d965ccfc6d4b" outcome="Passed" testListId="8c84fa94-04c1-424b-9868-57a2d4851a1d">
          <Output>
          </Output>
        </UnitTestResult>
        <UnitTestResult executionId="f9f9a527-9d9a-4071-b309-afa5bb8209e8" parentExecutionId="0d48faa6-7028-44e4-a3c8-f003e31972f0" testId="d2370c58-d793-e03f-1b8b-f87543f174ff" testName="ExcluirAssociadoTest" computerName="JLA" duration="00:00:00.0051369" startTime="2009-10-19T19:55:59.7187500-03:00" endTime="2009-10-19T19:55:59.7343750-03:00" testType="13cdc9d9-ddb5-4fa4-a97d-d965ccfc6d4b" outcome="Passed" testListId="8c84fa94-04c1-424b-9868-57a2d4851a1d">
          <Output>
          </Output>
        </UnitTestResult>
      </InnerResults>
    </TestResultAggregation>
  </Results>
</TestRun>