<?xml version="1.0" encoding="UTF-8"?>
<TestRun id="54002a50-bc48-4dcf-9342-f84b5307d0ec" name="JL@JLA 2009-09-29 19:30:16" runUser="JLA\JL" xmlns="http://microsoft.com/schemas/VisualStudio/TeamTest/2006">
  <TestRunConfiguration name="Local Test Run" id="ddf0a898-0e29-4648-b4ed-936846171b10">
    <Description>This is a default test run configuration for a local test run.</Description>
    <Deployment runDeploymentRoot="C:\AutoRFID\trunk\AutoRFID\TestResults\JL_JLA 2009-09-29 19_30_16">
      <DeploymentItem filename="C:\AutoRFID\trunk\AutoRFID\Fachada\bin\Debug\Fachada.dll" />
    </Deployment>
    <TestTypeSpecific />
  </TestRunConfiguration>
  <ResultSummary outcome="Failed">
    <Counters total="4" executed="4" passed="3" error="0" failed="1" timeout="0" aborted="0" inconclusive="0" passedButRunAborted="0" notRunnable="0" notExecuted="0" disconnected="0" warning="0" completed="0" inProgress="0" pending="0" />
  </ResultSummary>
  <Times creation="2009-09-29T19:30:16.0937500-03:00" queuing="2009-09-29T19:30:16.7656250-03:00" start="2009-09-29T19:30:16.7812500-03:00" finish="2009-09-29T19:30:17.7968750-03:00" />
  <TestDefinitions>
    <UnitTest name="ConsultarFuncionarioTest1" storage="c:\autorfid\trunk\autorfid\testes\bin\debug\testes.dll" id="41519cc5-c300-645b-3399-81e4cd93d8f4">
      <Css projectStructure="" iteration="" />
      <Owners>
        <Owner name="" />
      </Owners>
      <Execution id="55623a13-102d-4f8c-b399-eb96802d128a" />
      <TestMethod codeBase="C:\AutoRFID\trunk\AutoRFID\Testes\bin\Debug\Testes.dll" adapterTypeName="Microsoft.VisualStudio.TestTools.TestTypes.Unit.UnitTestAdapter, Microsoft.VisualStudio.QualityTools.Tips.UnitTest.Adapter, Version=9.0.0.0, Culture=neutral, PublicKeyToken=b03f5f7f11d50a3a" className="Testes.FachadaFuncionarioTest, Testes" name="ConsultarFuncionarioTest1" />
    </UnitTest>
    <UnitTest name="ListarFuncionarioTest" storage="c:\autorfid\trunk\autorfid\testes\bin\debug\testes.dll" id="b1e2b982-79fa-53c4-daa2-de2d38a329e1">
      <Css projectStructure="" iteration="" />
      <Owners>
        <Owner name="" />
      </Owners>
      <Execution id="47c1dca6-cc60-421b-840f-b87696844305" />
      <TestMethod codeBase="C:\AutoRFID\trunk\AutoRFID\Testes\bin\Debug\Testes.dll" adapterTypeName="Microsoft.VisualStudio.TestTools.TestTypes.Unit.UnitTestAdapter, Microsoft.VisualStudio.QualityTools.Tips.UnitTest.Adapter, Version=9.0.0.0, Culture=neutral, PublicKeyToken=b03f5f7f11d50a3a" className="Testes.FachadaFuncionarioTest, Testes" name="ListarFuncionarioTest" />
    </UnitTest>
    <UnitTest name="AlterarFuncionarioTest" storage="c:\autorfid\trunk\autorfid\testes\bin\debug\testes.dll" id="405addab-7262-0a5a-cd4d-2ab022f9b0be">
      <Css projectStructure="" iteration="" />
      <Owners>
        <Owner name="" />
      </Owners>
      <Execution id="ed9e7779-17b5-4041-8d9e-75402b478214" />
      <TestMethod codeBase="C:\AutoRFID\trunk\AutoRFID\Testes\bin\Debug\Testes.dll" adapterTypeName="Microsoft.VisualStudio.TestTools.TestTypes.Unit.UnitTestAdapter, Microsoft.VisualStudio.QualityTools.Tips.UnitTest.Adapter, Version=9.0.0.0, Culture=neutral, PublicKeyToken=b03f5f7f11d50a3a" className="Testes.FachadaFuncionarioTest, Testes" name="AlterarFuncionarioTest" />
    </UnitTest>
    <UnitTest name="ExcluirFuncionarioTest" storage="c:\autorfid\trunk\autorfid\testes\bin\debug\testes.dll" id="b3b638f9-0653-8a45-8c3b-f0f277fbcf8b">
      <Css projectStructure="" iteration="" />
      <Owners>
        <Owner name="" />
      </Owners>
      <Execution id="42225b4c-ea47-488c-a2dd-917807bf1338" />
      <TestMethod codeBase="C:\AutoRFID\trunk\AutoRFID\Testes\bin\Debug\Testes.dll" adapterTypeName="Microsoft.VisualStudio.TestTools.TestTypes.Unit.UnitTestAdapter, Microsoft.VisualStudio.QualityTools.Tips.UnitTest.Adapter, Version=9.0.0.0, Culture=neutral, PublicKeyToken=b03f5f7f11d50a3a" className="Testes.FachadaFuncionarioTest, Testes" name="ExcluirFuncionarioTest" />
    </UnitTest>
  </TestDefinitions>
  <TestLists>
    <TestList name="Results Not in a List" id="8c84fa94-04c1-424b-9868-57a2d4851a1d" />
    <TestList name="All Loaded Results" id="19431567-8539-422a-85d7-44ee4e166bda" />
  </TestLists>
  <TestEntries>
    <TestEntry testId="b1e2b982-79fa-53c4-daa2-de2d38a329e1" executionId="47c1dca6-cc60-421b-840f-b87696844305" testListId="8c84fa94-04c1-424b-9868-57a2d4851a1d" />
    <TestEntry testId="41519cc5-c300-645b-3399-81e4cd93d8f4" executionId="55623a13-102d-4f8c-b399-eb96802d128a" testListId="8c84fa94-04c1-424b-9868-57a2d4851a1d" />
    <TestEntry testId="b3b638f9-0653-8a45-8c3b-f0f277fbcf8b" executionId="42225b4c-ea47-488c-a2dd-917807bf1338" testListId="8c84fa94-04c1-424b-9868-57a2d4851a1d" />
    <TestEntry testId="405addab-7262-0a5a-cd4d-2ab022f9b0be" executionId="ed9e7779-17b5-4041-8d9e-75402b478214" testListId="8c84fa94-04c1-424b-9868-57a2d4851a1d" />
  </TestEntries>
  <Results>
    <UnitTestResult executionId="47c1dca6-cc60-421b-840f-b87696844305" testId="b1e2b982-79fa-53c4-daa2-de2d38a329e1" testName="ListarFuncionarioTest" computerName="JLA" duration="00:00:00.1753496" startTime="2009-09-29T19:30:16.7812500-03:00" endTime="2009-09-29T19:30:17.6562500-03:00" testType="13cdc9d9-ddb5-4fa4-a97d-d965ccfc6d4b" outcome="Passed" testListId="8c84fa94-04c1-424b-9868-57a2d4851a1d">
      <Output>
      </Output>
    </UnitTestResult>
    <UnitTestResult executionId="55623a13-102d-4f8c-b399-eb96802d128a" testId="41519cc5-c300-645b-3399-81e4cd93d8f4" testName="ConsultarFuncionarioTest1" computerName="JLA" duration="00:00:00.0044352" startTime="2009-09-29T19:30:17.6562500-03:00" endTime="2009-09-29T19:30:17.6718750-03:00" testType="13cdc9d9-ddb5-4fa4-a97d-d965ccfc6d4b" outcome="Passed" testListId="8c84fa94-04c1-424b-9868-57a2d4851a1d">
      <Output>
      </Output>
    </UnitTestResult>
    <UnitTestResult executionId="42225b4c-ea47-488c-a2dd-917807bf1338" testId="b3b638f9-0653-8a45-8c3b-f0f277fbcf8b" testName="ExcluirFuncionarioTest" computerName="JLA" duration="00:00:00.0148013" startTime="2009-09-29T19:30:17.6718750-03:00" endTime="2009-09-29T19:30:17.6875000-03:00" testType="13cdc9d9-ddb5-4fa4-a97d-d965ccfc6d4b" outcome="Failed" testListId="8c84fa94-04c1-424b-9868-57a2d4851a1d">
      <Output>
        <ErrorInfo>
          <Message>Test method Testes.FachadaFuncionarioTest.ExcluirFuncionarioTest threw exception:  System.NullReferenceException: Object reference not set to an instance of an object..</Message>
          <StackTrace>    at Fachada.Controlador.ControladorFuncionario.ExcluirFuncionario(String cpf) in C:\AutoRFID\trunk\AutoRFID\Fachada\Controlador\ControladorFuncionario.cs:line 62
   at Fachada.Fachada.Fachada.ExcluirFuncionario(String cpf) in C:\AutoRFID\trunk\AutoRFID\Fachada\Fachada\Fachada.cs:line 50
   at Testes.FachadaFuncionarioTest.ExcluirFuncionarioTest() in C:\AutoRFID\trunk\AutoRFID\Testes\FachadaFuncionarioTest.cs:line 129
</StackTrace>
        </ErrorInfo>
      </Output>
    </UnitTestResult>
    <UnitTestResult executionId="ed9e7779-17b5-4041-8d9e-75402b478214" testId="405addab-7262-0a5a-cd4d-2ab022f9b0be" testName="AlterarFuncionarioTest" computerName="JLA" duration="00:00:00.0831547" startTime="2009-09-29T19:30:17.6875000-03:00" endTime="2009-09-29T19:30:17.7812500-03:00" testType="13cdc9d9-ddb5-4fa4-a97d-d965ccfc6d4b" outcome="Passed" testListId="8c84fa94-04c1-424b-9868-57a2d4851a1d">
      <Output>
      </Output>
    </UnitTestResult>
  </Results>
</TestRun>