<?xml version="1.0" encoding="UTF-8"?>
<TestRun id="28eeae67-73a0-44b6-b5e7-85f4af7eeaa8" name="JL@JLA 2009-09-29 19:40:56" runUser="JLA\JL" xmlns="http://microsoft.com/schemas/VisualStudio/TeamTest/2006">
  <TestRunConfiguration name="Local Test Run" id="ddf0a898-0e29-4648-b4ed-936846171b10">
    <Description>This is a default test run configuration for a local test run.</Description>
    <Deployment runDeploymentRoot="C:\AutoRFID\trunk\AutoRFID\TestResults\JL_JLA 2009-09-29 19_40_56">
      <DeploymentItem filename="C:\AutoRFID\trunk\AutoRFID\Fachada\bin\Debug\Fachada.dll" />
    </Deployment>
    <TestTypeSpecific />
  </TestRunConfiguration>
  <ResultSummary outcome="Completed">
    <Counters total="1" executed="1" passed="1" error="0" failed="0" timeout="0" aborted="0" inconclusive="0" passedButRunAborted="0" notRunnable="0" notExecuted="0" disconnected="0" warning="0" completed="0" inProgress="0" pending="0" />
  </ResultSummary>
  <Times creation="2009-09-29T19:40:56.5156250-03:00" queuing="2009-09-29T19:40:56.9531250-03:00" start="2009-09-29T19:40:56.9687500-03:00" finish="2009-09-29T19:40:57.8593750-03:00" />
  <TestDefinitions>
    <UnitTest name="ConsultarFuncionarioTest1" storage="c:\autorfid\trunk\autorfid\testes\bin\debug\testes.dll" id="41519cc5-c300-645b-3399-81e4cd93d8f4">
      <Css projectStructure="" iteration="" />
      <Owners>
        <Owner name="" />
      </Owners>
      <Execution id="1ce2b632-309a-402b-badc-2dd1078f25ed" />
      <TestMethod codeBase="C:\AutoRFID\trunk\AutoRFID\Testes\bin\Debug\Testes.dll" adapterTypeName="Microsoft.VisualStudio.TestTools.TestTypes.Unit.UnitTestAdapter, Microsoft.VisualStudio.QualityTools.Tips.UnitTest.Adapter, Version=9.0.0.0, Culture=neutral, PublicKeyToken=b03f5f7f11d50a3a" className="Testes.FachadaFuncionarioTest, Testes" name="ConsultarFuncionarioTest1" />
    </UnitTest>
  </TestDefinitions>
  <TestLists>
    <TestList name="Results Not in a List" id="8c84fa94-04c1-424b-9868-57a2d4851a1d" />
    <TestList name="All Loaded Results" id="19431567-8539-422a-85d7-44ee4e166bda" />
  </TestLists>
  <TestEntries>
    <TestEntry testId="41519cc5-c300-645b-3399-81e4cd93d8f4" executionId="1ce2b632-309a-402b-badc-2dd1078f25ed" testListId="8c84fa94-04c1-424b-9868-57a2d4851a1d" />
  </TestEntries>
  <Results>
    <UnitTestResult executionId="1ce2b632-309a-402b-badc-2dd1078f25ed" testId="41519cc5-c300-645b-3399-81e4cd93d8f4" testName="ConsultarFuncionarioTest1" computerName="JLA" duration="00:00:00.1724138" startTime="2009-09-29T19:40:56.9687500-03:00" endTime="2009-09-29T19:40:57.8437500-03:00" testType="13cdc9d9-ddb5-4fa4-a97d-d965ccfc6d4b" outcome="Passed" testListId="8c84fa94-04c1-424b-9868-57a2d4851a1d">
      <Output>
      </Output>
    </UnitTestResult>
  </Results>
</TestRun>