<?xml version="1.0" encoding="UTF-8"?>
<TestRun id="5372614a-1c7d-4d65-992e-bd2b594503b6" name="JL@JLA 2009-09-22 21:22:23" runUser="JLA\JL" xmlns="http://microsoft.com/schemas/VisualStudio/TeamTest/2006">
  <TestRunConfiguration name="Local Test Run" id="ddf0a898-0e29-4648-b4ed-936846171b10">
    <Description>This is a default test run configuration for a local test run.</Description>
    <Deployment runDeploymentRoot="C:\AutoRFID\trunk\AutoRFID\TestResults\JL_JLA 2009-09-22 21_22_23">
      <DeploymentItem filename="C:\AutoRFID\trunk\AutoRFID\Fachada\bin\Debug\Fachada.dll" />
    </Deployment>
    <TestTypeSpecific />
  </TestRunConfiguration>
  <ResultSummary outcome="Failed">
    <Counters total="2" executed="2" passed="1" error="0" failed="1" timeout="0" aborted="0" inconclusive="0" passedButRunAborted="0" notRunnable="0" notExecuted="0" disconnected="0" warning="0" completed="0" inProgress="0" pending="0" />
  </ResultSummary>
  <Times creation="2009-09-22T21:22:23.3593750-03:00" queuing="2009-09-22T21:22:31.3281250-03:00" start="2009-09-22T21:22:31.6875000-03:00" finish="2009-09-22T21:23:01.4687500-03:00" />
  <TestDefinitions>
    <ManualTest name="ManualTest1" storage="c:\autorfid\trunk\autorfid\testassociado\manualtest1.mht" id="38757606-7f02-48a5-b009-016cd59dd8b7">
      <Css projectStructure="" iteration="" />
      <Description>To do: set description</Description>
      <Owners>
        <Owner name="" />
      </Owners>
      <Execution id="a9a67cb1-9b7a-483f-afd3-67d43418bf59" />
    </ManualTest>
    <UnitTest name="TestMethod1" storage="c:\autorfid\trunk\autorfid\testassociado\bin\debug\testassociado.dll" id="a72f7e6f-4c24-d5d0-ab8a-25f7cc323559">
      <Css projectStructure="" iteration="" />
      <Owners>
        <Owner name="" />
      </Owners>
      <Execution id="9094ead7-d46c-45d2-b3ac-f8d5108182a6" />
      <TestMethod codeBase="C:\AutoRFID\trunk\AutoRFID\TestAssociado\bin\Debug\TestAssociado.dll" adapterTypeName="Microsoft.VisualStudio.TestTools.TestTypes.Unit.UnitTestAdapter, Microsoft.VisualStudio.QualityTools.Tips.UnitTest.Adapter, Version=9.0.0.0, Culture=neutral, PublicKeyToken=b03f5f7f11d50a3a" className="TestAssociado.TestInclusao, TestAssociado" name="TestMethod1" />
    </UnitTest>
  </TestDefinitions>
  <TestLists>
    <TestList name="Results Not in a List" id="8c84fa94-04c1-424b-9868-57a2d4851a1d" />
    <TestList name="All Loaded Results" id="19431567-8539-422a-85d7-44ee4e166bda" />
  </TestLists>
  <TestEntries>
    <TestEntry testId="38757606-7f02-48a5-b009-016cd59dd8b7" executionId="a9a67cb1-9b7a-483f-afd3-67d43418bf59" testListId="8c84fa94-04c1-424b-9868-57a2d4851a1d" />
    <TestEntry testId="a72f7e6f-4c24-d5d0-ab8a-25f7cc323559" executionId="9094ead7-d46c-45d2-b3ac-f8d5108182a6" testListId="8c84fa94-04c1-424b-9868-57a2d4851a1d" />
  </TestEntries>
  <Results>
    <ManualTestResult executionId="a9a67cb1-9b7a-483f-afd3-67d43418bf59" testId="38757606-7f02-48a5-b009-016cd59dd8b7" testName="ManualTest1" computerName="JLA" duration="00:00:13.2222656" startTime="2009-09-22T21:22:31.8281250-03:00" endTime="2009-09-22T21:22:45.0312500-03:00" testType="7a24f8ff-85da-d664-ef44-83ff4743dae6" outcome="Passed" testListId="8c84fa94-04c1-424b-9868-57a2d4851a1d" testFile="C:\AutoRFID\trunk\AutoRFID\TestResults\JL_JLA 2009-09-22 21_22_23\Out\manualtest1.mht">
    </ManualTestResult>
    <UnitTestResult executionId="9094ead7-d46c-45d2-b3ac-f8d5108182a6" testId="a72f7e6f-4c24-d5d0-ab8a-25f7cc323559" testName="TestMethod1" computerName="JLA" duration="00:00:14.6494311" startTime="2009-09-22T21:22:45.1562500-03:00" endTime="2009-09-22T21:23:01.2968750-03:00" testType="13cdc9d9-ddb5-4fa4-a97d-d965ccfc6d4b" outcome="Failed" testListId="8c84fa94-04c1-424b-9868-57a2d4851a1d">
      <Output>
        <Exception>Exception has been thrown by the target of an invocation.</Exception>
        <ErrorInfo>
          <Message>Unable to create instance of class TestAssociado.TestInclusao. Error:  System.NullReferenceException: Object reference not set to an instance of an object..</Message>
          <StackTrace>    at TestAssociado.TestInclusao..ctor() in C:\AutoRFID\trunk\AutoRFID\TestAssociado\TestInclusao.cs:line 24
</StackTrace>
        </ErrorInfo>
      </Output>
    </UnitTestResult>
  </Results>
</TestRun>