<?xml version="1.0" encoding="UTF-8"?>
<TestRun id="38289de5-299c-46f9-b3ee-6d0d23066917" name="JL@JLA 2009-09-23 09:45:03" runUser="JLA\JL" xmlns="http://microsoft.com/schemas/VisualStudio/TeamTest/2006">
  <TestRunConfiguration name="Local Test Run" id="ddf0a898-0e29-4648-b4ed-936846171b10">
    <Description>This is a default test run configuration for a local test run.</Description>
    <Deployment runDeploymentRoot="C:\AutoRFID\trunk\AutoRFID\TestResults\JL_JLA 2009-09-23 09_45_03">
      <DeploymentItem filename="C:\AutoRFID\trunk\AutoRFID\Fachada\bin\Debug\Fachada.dll" />
    </Deployment>
    <TestTypeSpecific />
  </TestRunConfiguration>
  <ResultSummary outcome="Failed">
    <Counters total="2" executed="2" passed="1" error="0" failed="1" timeout="0" aborted="0" inconclusive="0" passedButRunAborted="0" notRunnable="0" notExecuted="0" disconnected="0" warning="0" completed="0" inProgress="0" pending="0" />
  </ResultSummary>
  <Times creation="2009-09-23T09:45:03.6875000-03:00" queuing="2009-09-23T09:45:05.1562500-03:00" start="2009-09-23T09:45:05.4687500-03:00" finish="2009-09-23T09:45:10.7968750-03:00" />
  <TestDefinitions>
    <ManualTest name="ManualTest1" storage="c:\autorfid\trunk\autorfid\testassociado\manualtest1.mht" id="38757606-7f02-48a5-b009-016cd59dd8b7">
      <Css projectStructure="" iteration="" />
      <Description>To do: set description</Description>
      <Owners>
        <Owner name="" />
      </Owners>
      <Execution id="0b3b7068-01c6-4d91-8826-79d44dd74393" />
    </ManualTest>
    <UnitTest name="TestMethod1" storage="c:\autorfid\trunk\autorfid\testassociado\bin\debug\testassociado.dll" id="a72f7e6f-4c24-d5d0-ab8a-25f7cc323559">
      <Css projectStructure="" iteration="" />
      <Owners>
        <Owner name="" />
      </Owners>
      <Execution id="9214e8fb-6c35-4053-a5fc-99c0bb69b60f" />
      <TestMethod codeBase="C:\AutoRFID\trunk\AutoRFID\TestAssociado\bin\Debug\TestAssociado.dll" adapterTypeName="Microsoft.VisualStudio.TestTools.TestTypes.Unit.UnitTestAdapter, Microsoft.VisualStudio.QualityTools.Tips.UnitTest.Adapter, Version=9.0.0.0, Culture=neutral, PublicKeyToken=b03f5f7f11d50a3a" className="TestAssociado.TestInclusao, TestAssociado" name="TestMethod1" />
    </UnitTest>
  </TestDefinitions>
  <TestLists>
    <TestList name="Results Not in a List" id="8c84fa94-04c1-424b-9868-57a2d4851a1d" />
    <TestList name="All Loaded Results" id="19431567-8539-422a-85d7-44ee4e166bda" />
  </TestLists>
  <TestEntries>
    <TestEntry testId="38757606-7f02-48a5-b009-016cd59dd8b7" executionId="0b3b7068-01c6-4d91-8826-79d44dd74393" testListId="8c84fa94-04c1-424b-9868-57a2d4851a1d" />
    <TestEntry testId="a72f7e6f-4c24-d5d0-ab8a-25f7cc323559" executionId="9214e8fb-6c35-4053-a5fc-99c0bb69b60f" testListId="8c84fa94-04c1-424b-9868-57a2d4851a1d" />
  </TestEntries>
  <Results>
    <ManualTestResult executionId="0b3b7068-01c6-4d91-8826-79d44dd74393" testId="38757606-7f02-48a5-b009-016cd59dd8b7" testName="ManualTest1" computerName="JLA" duration="00:00:03.5430522" startTime="2009-09-23T09:45:05.5468750-03:00" endTime="2009-09-23T09:45:09.0937500-03:00" testType="7a24f8ff-85da-d664-ef44-83ff4743dae6" outcome="Passed" testListId="8c84fa94-04c1-424b-9868-57a2d4851a1d" testFile="C:\AutoRFID\trunk\AutoRFID\TestResults\JL_JLA 2009-09-23 09_45_03\Out\manualtest1.mht">
    </ManualTestResult>
    <UnitTestResult executionId="9214e8fb-6c35-4053-a5fc-99c0bb69b60f" testId="a72f7e6f-4c24-d5d0-ab8a-25f7cc323559" testName="TestMethod1" computerName="JLA" duration="00:00:00.4088667" startTime="2009-09-23T09:45:09.1406250-03:00" endTime="2009-09-23T09:45:10.5781250-03:00" testType="13cdc9d9-ddb5-4fa4-a97d-d965ccfc6d4b" outcome="Failed" testListId="8c84fa94-04c1-424b-9868-57a2d4851a1d">
      <Output>
        <ErrorInfo>
          <Message>Test method TestAssociado.TestInclusao.TestMethod1 threw exception:  System.Exception: Erro no Repositorio.</Message>
          <StackTrace>    at Fachada.Repositorio.RepositorioAssociado.inserirAssociado(Associado objAssociado) in C:\AutoRFID\trunk\AutoRFID\Fachada\Repositorio\RepositorioAssociado.cs:line 58
   at Fachada.Controlador.ControladorAssociado.inserirAssociado(Associado objAssociado) in C:\AutoRFID\trunk\AutoRFID\Fachada\Controlador\ControladorAssociado.cs:line 27
   at Fachada.Fachada.Fachada.InserirAssociado(Associado f) in C:\AutoRFID\trunk\AutoRFID\Fachada\Fachada\Fachada.cs:line 65
   at TestAssociado.TestInclusao.TestMethod1() in C:\AutoRFID\trunk\AutoRFID\TestAssociado\TestInclusao.cs:line 59
</StackTrace>
        </ErrorInfo>
      </Output>
    </UnitTestResult>
  </Results>
</TestRun>