<?xml version="1.0" encoding="UTF-8"?>
<TestRun id="6e3daffd-a5e5-4404-b77a-e34caa0acf92" name="JL@JLA 2009-10-19 19:42:25" runUser="JLA\JL" xmlns="http://microsoft.com/schemas/VisualStudio/TeamTest/2006">
  <TestRunConfiguration name="Local Test Run" id="ddf0a898-0e29-4648-b4ed-936846171b10">
    <Description>This is a default test run configuration for a local test run.</Description>
    <Deployment runDeploymentRoot="C:\Documents and Settings\JL\My Documents\Visual Studio 2008\Projects\AutoRFID_JLversion\trunk\AutoRFID\TestResults\JL_JLA 2009-10-19 19_42_25">
      <DeploymentItem filename="C:\Documents and Settings\JL\My Documents\Visual Studio 2008\Projects\AutoRFID_JLversion\trunk\AutoRFID\Fachada\bin\Debug\Fachada.dll" />
    </Deployment>
    <TestTypeSpecific />
  </TestRunConfiguration>
  <ResultSummary outcome="Failed">
    <Counters total="6" executed="6" passed="3" error="0" failed="3" timeout="0" aborted="0" inconclusive="0" passedButRunAborted="0" notRunnable="0" notExecuted="0" disconnected="0" warning="0" completed="0" inProgress="0" pending="0" />
  </ResultSummary>
  <Times creation="2009-10-19T19:42:25.1406250-03:00" queuing="2009-10-19T19:42:25.8750000-03:00" start="2009-10-19T19:42:25.8906250-03:00" finish="2009-10-19T19:42:26.8281250-03:00" />
  <TestDefinitions>
    <UnitTest name="ListarAssociadoTest" storage="c:\documents and settings\jl\my documents\visual studio 2008\projects\autorfid_jlversion\trunk\autorfid\testes\bin\debug\testes.dll" id="8e2e0b8c-24e1-1157-41fd-8a0d2ef38856">
      <Css projectStructure="" iteration="" />
      <Owners>
        <Owner name="" />
      </Owners>
      <TestMethod codeBase="C:\Documents and Settings\JL\My Documents\Visual Studio 2008\Projects\AutoRFID_JLversion\trunk\AutoRFID\Testes\bin\Debug\Testes.dll" adapterTypeName="Microsoft.VisualStudio.TestTools.TestTypes.Unit.UnitTestAdapter, Microsoft.VisualStudio.QualityTools.Tips.UnitTest.Adapter, Version=9.0.0.0, Culture=neutral, PublicKeyToken=b03f5f7f11d50a3a" className="Testes.FachadaAssociadoTest, Testes" name="ListarAssociadoTest" />
    </UnitTest>
    <UnitTest name="ConsultarAssociadoTest1" storage="c:\documents and settings\jl\my documents\visual studio 2008\projects\autorfid_jlversion\trunk\autorfid\testes\bin\debug\testes.dll" id="86f9318d-36c5-1530-1f43-d38616b6be00">
      <Css projectStructure="" iteration="" />
      <Owners>
        <Owner name="" />
      </Owners>
      <TestMethod codeBase="C:\Documents and Settings\JL\My Documents\Visual Studio 2008\Projects\AutoRFID_JLversion\trunk\AutoRFID\Testes\bin\Debug\Testes.dll" adapterTypeName="Microsoft.VisualStudio.TestTools.TestTypes.Unit.UnitTestAdapter, Microsoft.VisualStudio.QualityTools.Tips.UnitTest.Adapter, Version=9.0.0.0, Culture=neutral, PublicKeyToken=b03f5f7f11d50a3a" className="Testes.FachadaAssociadoTest, Testes" name="ConsultarAssociadoTest1" />
    </UnitTest>
    <UnitTest name="InserirAssociadoTest" storage="c:\documents and settings\jl\my documents\visual studio 2008\projects\autorfid_jlversion\trunk\autorfid\testes\bin\debug\testes.dll" id="79eb4cb2-d216-bab4-86f5-34dad42ddb7a">
      <Css projectStructure="" iteration="" />
      <Owners>
        <Owner name="" />
      </Owners>
      <TestMethod codeBase="C:\Documents and Settings\JL\My Documents\Visual Studio 2008\Projects\AutoRFID_JLversion\trunk\AutoRFID\Testes\bin\Debug\Testes.dll" adapterTypeName="Microsoft.VisualStudio.TestTools.TestTypes.Unit.UnitTestAdapter, Microsoft.VisualStudio.QualityTools.Tips.UnitTest.Adapter, Version=9.0.0.0, Culture=neutral, PublicKeyToken=b03f5f7f11d50a3a" className="Testes.FachadaAssociadoTest, Testes" name="InserirAssociadoTest" />
    </UnitTest>
    <UnitTest name="AlterarAssociadoTest" storage="c:\documents and settings\jl\my documents\visual studio 2008\projects\autorfid_jlversion\trunk\autorfid\testes\bin\debug\testes.dll" id="f1d70b09-4f3e-b6f6-98d9-56fc1ac3f619">
      <Css projectStructure="" iteration="" />
      <Owners>
        <Owner name="" />
      </Owners>
      <TestMethod codeBase="C:\Documents and Settings\JL\My Documents\Visual Studio 2008\Projects\AutoRFID_JLversion\trunk\AutoRFID\Testes\bin\Debug\Testes.dll" adapterTypeName="Microsoft.VisualStudio.TestTools.TestTypes.Unit.UnitTestAdapter, Microsoft.VisualStudio.QualityTools.Tips.UnitTest.Adapter, Version=9.0.0.0, Culture=neutral, PublicKeyToken=b03f5f7f11d50a3a" className="Testes.FachadaAssociadoTest, Testes" name="AlterarAssociadoTest" />
    </UnitTest>
    <UnitTest name="ExcluirAssociadoTest" storage="c:\documents and settings\jl\my documents\visual studio 2008\projects\autorfid_jlversion\trunk\autorfid\testes\bin\debug\testes.dll" id="d2370c58-d793-e03f-1b8b-f87543f174ff">
      <Css projectStructure="" iteration="" />
      <Owners>
        <Owner name="" />
      </Owners>
      <TestMethod codeBase="C:\Documents and Settings\JL\My Documents\Visual Studio 2008\Projects\AutoRFID_JLversion\trunk\AutoRFID\Testes\bin\Debug\Testes.dll" adapterTypeName="Microsoft.VisualStudio.TestTools.TestTypes.Unit.UnitTestAdapter, Microsoft.VisualStudio.QualityTools.Tips.UnitTest.Adapter, Version=9.0.0.0, Culture=neutral, PublicKeyToken=b03f5f7f11d50a3a" className="Testes.FachadaAssociadoTest, Testes" name="ExcluirAssociadoTest" />
    </UnitTest>
    <OrderedTest name="Associado" storage="c:\documents and settings\jl\my documents\visual studio 2008\projects\autorfid_jlversion\trunk\autorfid\testes\associado.orderedtest" id="14daae63-c3c9-49f5-83b4-ed67b0d39d62" continueAfterFailure="true">
      <Css projectStructure="" iteration="" />
      <Execution timeOut="2147483647" id="b2a3790a-4528-4d29-8116-402c511347d2" />
      <Owners>
        <Owner name="" />
      </Owners>
      <TestLinks>
        <TestLink id="79eb4cb2-d216-bab4-86f5-34dad42ddb7a" name="InserirAssociadoTest" storage="bin\debug\testes.dll" type="Microsoft.VisualStudio.TestTools.TestTypes.Unit.UnitTestElement, Microsoft.VisualStudio.QualityTools.Tips.UnitTest.ObjectModel,   PublicKeyToken=b03f5f7f11d50a3a" />
        <TestLink id="f1d70b09-4f3e-b6f6-98d9-56fc1ac3f619" name="AlterarAssociadoTest" storage="bin\debug\testes.dll" type="Microsoft.VisualStudio.TestTools.TestTypes.Unit.UnitTestElement, Microsoft.VisualStudio.QualityTools.Tips.UnitTest.ObjectModel,   PublicKeyToken=b03f5f7f11d50a3a" />
        <TestLink id="86f9318d-36c5-1530-1f43-d38616b6be00" name="ConsultarAssociadoTest1" storage="bin\debug\testes.dll" type="Microsoft.VisualStudio.TestTools.TestTypes.Unit.UnitTestElement, Microsoft.VisualStudio.QualityTools.Tips.UnitTest.ObjectModel,   PublicKeyToken=b03f5f7f11d50a3a" />
        <TestLink id="8e2e0b8c-24e1-1157-41fd-8a0d2ef38856" name="ListarAssociadoTest" storage="bin\debug\testes.dll" type="Microsoft.VisualStudio.TestTools.TestTypes.Unit.UnitTestElement, Microsoft.VisualStudio.QualityTools.Tips.UnitTest.ObjectModel,   PublicKeyToken=b03f5f7f11d50a3a" />
        <TestLink id="d2370c58-d793-e03f-1b8b-f87543f174ff" name="ExcluirAssociadoTest" storage="bin\debug\testes.dll" type="Microsoft.VisualStudio.TestTools.TestTypes.Unit.UnitTestElement, Microsoft.VisualStudio.QualityTools.Tips.UnitTest.ObjectModel,   PublicKeyToken=b03f5f7f11d50a3a" />
      </TestLinks>
    </OrderedTest>
  </TestDefinitions>
  <TestLists>
    <TestList name="Results Not in a List" id="8c84fa94-04c1-424b-9868-57a2d4851a1d" />
    <TestList name="All Loaded Results" id="19431567-8539-422a-85d7-44ee4e166bda" />
  </TestLists>
  <TestEntries>
    <TestEntry testId="14daae63-c3c9-49f5-83b4-ed67b0d39d62" executionId="b2a3790a-4528-4d29-8116-402c511347d2" testListId="8c84fa94-04c1-424b-9868-57a2d4851a1d">
      <TestEntries>
        <TestEntry testId="79eb4cb2-d216-bab4-86f5-34dad42ddb7a" executionId="3c15d3c2-73c1-4240-a547-5461e3fdba02" parentExecutionId="b2a3790a-4528-4d29-8116-402c511347d2" testListId="8c84fa94-04c1-424b-9868-57a2d4851a1d" />
        <TestEntry testId="f1d70b09-4f3e-b6f6-98d9-56fc1ac3f619" executionId="4b0b1957-b9e2-4485-af85-a0a9f68a11c7" parentExecutionId="b2a3790a-4528-4d29-8116-402c511347d2" testListId="8c84fa94-04c1-424b-9868-57a2d4851a1d" />
        <TestEntry testId="86f9318d-36c5-1530-1f43-d38616b6be00" executionId="5bd255c7-0cab-4dce-b2ff-6d9608ea413c" parentExecutionId="b2a3790a-4528-4d29-8116-402c511347d2" testListId="8c84fa94-04c1-424b-9868-57a2d4851a1d" />
        <TestEntry testId="8e2e0b8c-24e1-1157-41fd-8a0d2ef38856" executionId="c801ced0-045b-4b42-b300-a9d1e263068f" parentExecutionId="b2a3790a-4528-4d29-8116-402c511347d2" testListId="8c84fa94-04c1-424b-9868-57a2d4851a1d" />
        <TestEntry testId="d2370c58-d793-e03f-1b8b-f87543f174ff" executionId="32f267f9-29c6-439d-9b1e-8aec8d961798" parentExecutionId="b2a3790a-4528-4d29-8116-402c511347d2" testListId="8c84fa94-04c1-424b-9868-57a2d4851a1d" />
      </TestEntries>
    </TestEntry>
  </TestEntries>
  <Results>
    <TestResultAggregation executionId="b2a3790a-4528-4d29-8116-402c511347d2" testId="14daae63-c3c9-49f5-83b4-ed67b0d39d62" testName="Associado" computerName="JLA" duration="00:00:00.9054396" startTime="2009-10-19T19:42:25.9062500-03:00" endTime="2009-10-19T19:42:26.8125000-03:00" testType="ec4800e8-40e5-4ab3-8510-b8bf29b1904d" outcome="Failed" testListId="8c84fa94-04c1-424b-9868-57a2d4851a1d">
      <Counters error="0" failed="2" timeout="0" aborted="0" inconclusive="0" passedButRunAborted="0" notRunnable="0" notExecuted="0" disconnected="0" warning="0" passed="3" completed="0" inProgress="0" pending="0" />
      <InnerResults>
        <UnitTestResult executionId="3c15d3c2-73c1-4240-a547-5461e3fdba02" parentExecutionId="b2a3790a-4528-4d29-8116-402c511347d2" testId="79eb4cb2-d216-bab4-86f5-34dad42ddb7a" testName="InserirAssociadoTest" computerName="JLA" duration="00:00:00.1940425" startTime="2009-10-19T19:42:25.9062500-03:00" endTime="2009-10-19T19:42:26.7656250-03:00" testType="13cdc9d9-ddb5-4fa4-a97d-d965ccfc6d4b" outcome="Failed" testListId="8c84fa94-04c1-424b-9868-57a2d4851a1d">
          <Output>
            <ErrorInfo>
              <Message>Test method Testes.FachadaAssociadoTest.InserirAssociadoTest threw exception:  System.Exception: Associado já cadastrado!.</Message>
              <StackTrace>    at Fachada.Controlador.ControladorAssociado.inserirAssociado(Associado objAssociado) in C:\Documents and Settings\JL\My Documents\Visual Studio 2008\Projects\AutoRFID_JLversion\trunk\AutoRFID\Fachada\Controlador\ControladorAssociado.cs:line 65
   at Fachada.Fachada.Fachada.InserirAssociado(Associado Asso) in C:\Documents and Settings\JL\My Documents\Visual Studio 2008\Projects\AutoRFID_JLversion\trunk\AutoRFID\Fachada\Fachada\Fachada.cs:line 87
   at Testes.FachadaAssociadoTest.InserirAssociadoTest() in C:\Documents and Settings\JL\My Documents\Visual Studio 2008\Projects\AutoRFID_JLversion\trunk\AutoRFID\Testes\FachadaAssociadoTest.cs:line 103
</StackTrace>
            </ErrorInfo>
          </Output>
        </UnitTestResult>
        <UnitTestResult executionId="4b0b1957-b9e2-4485-af85-a0a9f68a11c7" parentExecutionId="b2a3790a-4528-4d29-8116-402c511347d2" testId="f1d70b09-4f3e-b6f6-98d9-56fc1ac3f619" testName="AlterarAssociadoTest" computerName="JLA" duration="00:00:00.0035540" startTime="2009-10-19T19:42:26.7812500-03:00" endTime="2009-10-19T19:42:26.7812500-03:00" testType="13cdc9d9-ddb5-4fa4-a97d-d965ccfc6d4b" outcome="Failed" testListId="8c84fa94-04c1-424b-9868-57a2d4851a1d">
          <Output>
            <ErrorInfo>
              <Message>Test method Testes.FachadaAssociadoTest.AlterarAssociadoTest threw exception:  System.Exception: Associado já cadastrado!.</Message>
              <StackTrace>    at Fachada.Controlador.ControladorAssociado.inserirAssociado(Associado objAssociado) in C:\Documents and Settings\JL\My Documents\Visual Studio 2008\Projects\AutoRFID_JLversion\trunk\AutoRFID\Fachada\Controlador\ControladorAssociado.cs:line 65
   at Fachada.Fachada.Fachada.InserirAssociado(Associado Asso) in C:\Documents and Settings\JL\My Documents\Visual Studio 2008\Projects\AutoRFID_JLversion\trunk\AutoRFID\Fachada\Fachada\Fachada.cs:line 87
   at Testes.FachadaAssociadoTest.AlterarAssociadoTest() in C:\Documents and Settings\JL\My Documents\Visual Studio 2008\Projects\AutoRFID_JLversion\trunk\AutoRFID\Testes\FachadaAssociadoTest.cs:line 141
</StackTrace>
            </ErrorInfo>
          </Output>
        </UnitTestResult>
        <UnitTestResult executionId="5bd255c7-0cab-4dce-b2ff-6d9608ea413c" parentExecutionId="b2a3790a-4528-4d29-8116-402c511347d2" testId="86f9318d-36c5-1530-1f43-d38616b6be00" testName="ConsultarAssociadoTest1" computerName="JLA" duration="00:00:00.0033870" startTime="2009-10-19T19:42:26.7812500-03:00" endTime="2009-10-19T19:42:26.7968750-03:00" testType="13cdc9d9-ddb5-4fa4-a97d-d965ccfc6d4b" outcome="Passed" testListId="8c84fa94-04c1-424b-9868-57a2d4851a1d">
          <Output>
          </Output>
        </UnitTestResult>
        <UnitTestResult executionId="c801ced0-045b-4b42-b300-a9d1e263068f" parentExecutionId="b2a3790a-4528-4d29-8116-402c511347d2" testId="8e2e0b8c-24e1-1157-41fd-8a0d2ef38856" testName="ListarAssociadoTest" computerName="JLA" duration="00:00:00.0042418" startTime="2009-10-19T19:42:26.7968750-03:00" endTime="2009-10-19T19:42:26.7968750-03:00" testType="13cdc9d9-ddb5-4fa4-a97d-d965ccfc6d4b" outcome="Passed" testListId="8c84fa94-04c1-424b-9868-57a2d4851a1d">
          <Output>
          </Output>
        </UnitTestResult>
        <UnitTestResult executionId="32f267f9-29c6-439d-9b1e-8aec8d961798" parentExecutionId="b2a3790a-4528-4d29-8116-402c511347d2" testId="d2370c58-d793-e03f-1b8b-f87543f174ff" testName="ExcluirAssociadoTest" computerName="JLA" duration="00:00:00.0058563" startTime="2009-10-19T19:42:26.7968750-03:00" endTime="2009-10-19T19:42:26.8125000-03:00" testType="13cdc9d9-ddb5-4fa4-a97d-d965ccfc6d4b" outcome="Passed" testListId="8c84fa94-04c1-424b-9868-57a2d4851a1d">
          <Output>
          </Output>
        </UnitTestResult>
      </InnerResults>
    </TestResultAggregation>
  </Results>
</TestRun>