<?xml version="1.0" encoding="UTF-8"?>
<TestRun id="050f2440-c5a3-4fdf-a539-156132812059" name="JL@JLA 2009-09-29 19:36:53" runUser="JLA\JL" xmlns="http://microsoft.com/schemas/VisualStudio/TeamTest/2006">
  <TestRunConfiguration name="Local Test Run" id="ddf0a898-0e29-4648-b4ed-936846171b10">
    <Description>This is a default test run configuration for a local test run.</Description>
    <Deployment runDeploymentRoot="C:\AutoRFID\trunk\AutoRFID\TestResults\JL_JLA 2009-09-29 19_36_53">
      <DeploymentItem filename="C:\AutoRFID\trunk\AutoRFID\Fachada\bin\Debug\Fachada.dll" />
    </Deployment>
    <TestTypeSpecific />
  </TestRunConfiguration>
  <ResultSummary outcome="Failed">
    <Counters total="1" executed="1" error="0" failed="1" timeout="0" aborted="0" inconclusive="0" passedButRunAborted="0" notRunnable="0" notExecuted="0" disconnected="0" warning="0" passed="0" completed="0" inProgress="0" pending="0" />
  </ResultSummary>
  <Times creation="2009-09-29T19:36:53.0000000-03:00" queuing="2009-09-29T19:36:53.4218750-03:00" start="2009-09-29T19:36:53.4531250-03:00" finish="2009-09-29T19:36:54.5156250-03:00" />
  <TestDefinitions>
    <UnitTest name="ExcluirFuncionarioTest" storage="c:\autorfid\trunk\autorfid\testes\bin\debug\testes.dll" id="b3b638f9-0653-8a45-8c3b-f0f277fbcf8b">
      <Css projectStructure="" iteration="" />
      <Owners>
        <Owner name="" />
      </Owners>
      <Execution id="9834020f-7013-4567-b25d-5b644d6e5368" />
      <TestMethod codeBase="C:\AutoRFID\trunk\AutoRFID\Testes\bin\Debug\Testes.dll" adapterTypeName="Microsoft.VisualStudio.TestTools.TestTypes.Unit.UnitTestAdapter, Microsoft.VisualStudio.QualityTools.Tips.UnitTest.Adapter, Version=9.0.0.0, Culture=neutral, PublicKeyToken=b03f5f7f11d50a3a" className="Testes.FachadaFuncionarioTest, Testes" name="ExcluirFuncionarioTest" />
    </UnitTest>
  </TestDefinitions>
  <TestLists>
    <TestList name="Results Not in a List" id="8c84fa94-04c1-424b-9868-57a2d4851a1d" />
    <TestList name="All Loaded Results" id="19431567-8539-422a-85d7-44ee4e166bda" />
  </TestLists>
  <TestEntries>
    <TestEntry testId="b3b638f9-0653-8a45-8c3b-f0f277fbcf8b" executionId="9834020f-7013-4567-b25d-5b644d6e5368" testListId="8c84fa94-04c1-424b-9868-57a2d4851a1d" />
  </TestEntries>
  <Results>
    <UnitTestResult executionId="9834020f-7013-4567-b25d-5b644d6e5368" testId="b3b638f9-0653-8a45-8c3b-f0f277fbcf8b" testName="ExcluirFuncionarioTest" computerName="JLA" duration="00:00:00.2964432" startTime="2009-09-29T19:36:53.4531250-03:00" endTime="2009-09-29T19:36:54.5000000-03:00" testType="13cdc9d9-ddb5-4fa4-a97d-d965ccfc6d4b" outcome="Failed" testListId="8c84fa94-04c1-424b-9868-57a2d4851a1d">
      <Output>
        <ErrorInfo>
          <Message>Test method Testes.FachadaFuncionarioTest.ExcluirFuncionarioTest threw exception:  System.NullReferenceException: Object reference not set to an instance of an object..</Message>
          <StackTrace>    at Fachada.Controlador.ControladorFuncionario.ExcluirFuncionario(String cpf) in C:\AutoRFID\trunk\AutoRFID\Fachada\Controlador\ControladorFuncionario.cs:line 62
   at Fachada.Fachada.Fachada.ExcluirFuncionario(String cpf) in C:\AutoRFID\trunk\AutoRFID\Fachada\Fachada\Fachada.cs:line 50
   at Testes.FachadaFuncionarioTest.ExcluirFuncionarioTest() in C:\AutoRFID\trunk\AutoRFID\Testes\FachadaFuncionarioTest.cs:line 129
</StackTrace>
        </ErrorInfo>
      </Output>
    </UnitTestResult>
  </Results>
</TestRun>