<?xml version="1.0" encoding="UTF-8"?>
<TestRun id="ee6d9936-e908-4852-a423-23f58d85b169" name="JL@JLA 2009-09-23 08:26:39" runUser="JLA\JL" xmlns="http://microsoft.com/schemas/VisualStudio/TeamTest/2006">
  <TestRunConfiguration name="Local Test Run" id="ddf0a898-0e29-4648-b4ed-936846171b10">
    <Description>This is a default test run configuration for a local test run.</Description>
    <Deployment runDeploymentRoot="C:\AutoRFID\trunk\AutoRFID\TestResults\JL_JLA 2009-09-23 08_26_39">
      <DeploymentItem filename="C:\AutoRFID\trunk\AutoRFID\Fachada\bin\Debug\Fachada.dll" />
    </Deployment>
    <TestTypeSpecific />
  </TestRunConfiguration>
  <ResultSummary outcome="Aborted">
    <Counters total="2" executed="1" error="0" failed="0" timeout="0" aborted="1" inconclusive="0" passedButRunAborted="0" notRunnable="0" notExecuted="1" disconnected="0" warning="0" passed="0" completed="0" inProgress="0" pending="0" />
  </ResultSummary>
  <Times creation="2009-09-23T08:26:39.5937500-03:00" queuing="2009-09-23T08:26:41.7343750-03:00" start="2009-09-23T08:26:42.0625000-03:00" finish="2009-09-23T08:26:52.0625000-03:00" />
  <TestDefinitions>
    <ManualTest name="ManualTest1" storage="c:\autorfid\trunk\autorfid\testassociado\manualtest1.mht" id="38757606-7f02-48a5-b009-016cd59dd8b7">
      <Css projectStructure="" iteration="" />
      <Description>To do: set description</Description>
      <Owners>
        <Owner name="" />
      </Owners>
      <Execution id="3e2abfd5-04ab-46c7-bc5a-3770686fdbfd" />
    </ManualTest>
    <UnitTest name="TestMethod1" storage="c:\autorfid\trunk\autorfid\testassociado\bin\debug\testassociado.dll" id="a72f7e6f-4c24-d5d0-ab8a-25f7cc323559">
      <Css projectStructure="" iteration="" />
      <Owners>
        <Owner name="" />
      </Owners>
      <TestMethod codeBase="C:\AutoRFID\trunk\AutoRFID\TestAssociado\bin\Debug\TestAssociado.dll" adapterTypeName="Microsoft.VisualStudio.TestTools.TestTypes.Unit.UnitTestAdapter, Microsoft.VisualStudio.QualityTools.Tips.UnitTest.Adapter, Version=9.0.0.0, Culture=neutral, PublicKeyToken=b03f5f7f11d50a3a" className="TestAssociado.TestInclusao, TestAssociado" name="TestMethod1" />
    </UnitTest>
  </TestDefinitions>
  <TestLists>
    <TestList name="Results Not in a List" id="8c84fa94-04c1-424b-9868-57a2d4851a1d" />
    <TestList name="All Loaded Results" id="19431567-8539-422a-85d7-44ee4e166bda" />
  </TestLists>
  <TestEntries>
    <TestEntry testId="38757606-7f02-48a5-b009-016cd59dd8b7" executionId="3e2abfd5-04ab-46c7-bc5a-3770686fdbfd" testListId="8c84fa94-04c1-424b-9868-57a2d4851a1d" />
    <TestEntry testId="a72f7e6f-4c24-d5d0-ab8a-25f7cc323559" executionId="be1b00b1-c1bb-4e54-a5d9-9c35bb0b0df2" testListId="8c84fa94-04c1-424b-9868-57a2d4851a1d" />
  </TestEntries>
  <Results>
    <ManualTestResult executionId="3e2abfd5-04ab-46c7-bc5a-3770686fdbfd" testId="38757606-7f02-48a5-b009-016cd59dd8b7" testName="ManualTest1" computerName="JLA" duration="00:00:03.8750000" startTime="2009-09-23T08:26:42.1406250-03:00" endTime="2009-09-23T08:26:46.0156250-03:00" testType="7a24f8ff-85da-d664-ef44-83ff4743dae6" outcome="Aborted" testListId="8c84fa94-04c1-424b-9868-57a2d4851a1d" testFile="c:\autorfid\trunk\autorfid\testassociado\manualtest1.mht">
      <Output>
        <ErrorInfo>
          <Message>User aborted test run.</Message>
        </ErrorInfo>
      </Output>
    </ManualTestResult>
    <UnitTestResult executionId="be1b00b1-c1bb-4e54-a5d9-9c35bb0b0df2" testId="a72f7e6f-4c24-d5d0-ab8a-25f7cc323559" testName="TestMethod1" computerName="JLA" duration="00:00:00" startTime="0001-01-01T00:00:00.0000000-03:00" endTime="0001-01-01T00:00:00.0000000-03:00" testType="13cdc9d9-ddb5-4fa4-a97d-d965ccfc6d4b" outcome="NotExecuted" testListId="8c84fa94-04c1-424b-9868-57a2d4851a1d">
    </UnitTestResult>
  </Results>
</TestRun>