<?xml version="1.0" encoding="UTF-8"?>
<TestRun id="3cd19004-d07c-4f28-bced-e2a931b6ee7f" name="JL@JLA 2009-10-19 19:48:39" runUser="JLA\JL" xmlns="http://microsoft.com/schemas/VisualStudio/TeamTest/2006">
  <TestRunConfiguration name="Local Test Run" id="ddf0a898-0e29-4648-b4ed-936846171b10">
    <Description>This is a default test run configuration for a local test run.</Description>
    <Deployment runDeploymentRoot="C:\Documents and Settings\JL\My Documents\Visual Studio 2008\Projects\AutoRFID_JLversion\trunk\AutoRFID\TestResults\JL_JLA 2009-10-19 19_48_39">
      <DeploymentItem filename="C:\Documents and Settings\JL\My Documents\Visual Studio 2008\Projects\AutoRFID_JLversion\trunk\AutoRFID\Fachada\bin\Debug\Fachada.dll" />
    </Deployment>
    <TestTypeSpecific />
  </TestRunConfiguration>
  <ResultSummary outcome="Failed">
    <Counters total="6" executed="6" passed="3" error="0" failed="3" timeout="0" aborted="0" inconclusive="0" passedButRunAborted="0" notRunnable="0" notExecuted="0" disconnected="0" warning="0" completed="0" inProgress="0" pending="0" />
  </ResultSummary>
  <Times creation="2009-10-19T19:48:39.2187500-03:00" queuing="2009-10-19T19:48:39.9375000-03:00" start="2009-10-19T19:48:40.0000000-03:00" finish="2009-10-19T19:48:40.9687500-03:00" />
  <TestDefinitions>
    <UnitTest name="ListarAssociadoTest" storage="c:\documents and settings\jl\my documents\visual studio 2008\projects\autorfid_jlversion\trunk\autorfid\testes\bin\debug\testes.dll" id="8e2e0b8c-24e1-1157-41fd-8a0d2ef38856">
      <Css projectStructure="" iteration="" />
      <Owners>
        <Owner name="" />
      </Owners>
      <TestMethod codeBase="C:\Documents and Settings\JL\My Documents\Visual Studio 2008\Projects\AutoRFID_JLversion\trunk\AutoRFID\Testes\bin\Debug\Testes.dll" adapterTypeName="Microsoft.VisualStudio.TestTools.TestTypes.Unit.UnitTestAdapter, Microsoft.VisualStudio.QualityTools.Tips.UnitTest.Adapter, Version=9.0.0.0, Culture=neutral, PublicKeyToken=b03f5f7f11d50a3a" className="Testes.FachadaAssociadoTest, Testes" name="ListarAssociadoTest" />
    </UnitTest>
    <UnitTest name="ConsultarAssociadoTest1" storage="c:\documents and settings\jl\my documents\visual studio 2008\projects\autorfid_jlversion\trunk\autorfid\testes\bin\debug\testes.dll" id="86f9318d-36c5-1530-1f43-d38616b6be00">
      <Css projectStructure="" iteration="" />
      <Owners>
        <Owner name="" />
      </Owners>
      <TestMethod codeBase="C:\Documents and Settings\JL\My Documents\Visual Studio 2008\Projects\AutoRFID_JLversion\trunk\AutoRFID\Testes\bin\Debug\Testes.dll" adapterTypeName="Microsoft.VisualStudio.TestTools.TestTypes.Unit.UnitTestAdapter, Microsoft.VisualStudio.QualityTools.Tips.UnitTest.Adapter, Version=9.0.0.0, Culture=neutral, PublicKeyToken=b03f5f7f11d50a3a" className="Testes.FachadaAssociadoTest, Testes" name="ConsultarAssociadoTest1" />
    </UnitTest>
    <UnitTest name="InserirAssociadoTest" storage="c:\documents and settings\jl\my documents\visual studio 2008\projects\autorfid_jlversion\trunk\autorfid\testes\bin\debug\testes.dll" id="79eb4cb2-d216-bab4-86f5-34dad42ddb7a">
      <Css projectStructure="" iteration="" />
      <Owners>
        <Owner name="" />
      </Owners>
      <TestMethod codeBase="C:\Documents and Settings\JL\My Documents\Visual Studio 2008\Projects\AutoRFID_JLversion\trunk\AutoRFID\Testes\bin\Debug\Testes.dll" adapterTypeName="Microsoft.VisualStudio.TestTools.TestTypes.Unit.UnitTestAdapter, Microsoft.VisualStudio.QualityTools.Tips.UnitTest.Adapter, Version=9.0.0.0, Culture=neutral, PublicKeyToken=b03f5f7f11d50a3a" className="Testes.FachadaAssociadoTest, Testes" name="InserirAssociadoTest" />
    </UnitTest>
    <UnitTest name="AlterarAssociadoTest" storage="c:\documents and settings\jl\my documents\visual studio 2008\projects\autorfid_jlversion\trunk\autorfid\testes\bin\debug\testes.dll" id="f1d70b09-4f3e-b6f6-98d9-56fc1ac3f619">
      <Css projectStructure="" iteration="" />
      <Owners>
        <Owner name="" />
      </Owners>
      <TestMethod codeBase="C:\Documents and Settings\JL\My Documents\Visual Studio 2008\Projects\AutoRFID_JLversion\trunk\AutoRFID\Testes\bin\Debug\Testes.dll" adapterTypeName="Microsoft.VisualStudio.TestTools.TestTypes.Unit.UnitTestAdapter, Microsoft.VisualStudio.QualityTools.Tips.UnitTest.Adapter, Version=9.0.0.0, Culture=neutral, PublicKeyToken=b03f5f7f11d50a3a" className="Testes.FachadaAssociadoTest, Testes" name="AlterarAssociadoTest" />
    </UnitTest>
    <UnitTest name="ExcluirAssociadoTest" storage="c:\documents and settings\jl\my documents\visual studio 2008\projects\autorfid_jlversion\trunk\autorfid\testes\bin\debug\testes.dll" id="d2370c58-d793-e03f-1b8b-f87543f174ff">
      <Css projectStructure="" iteration="" />
      <Owners>
        <Owner name="" />
      </Owners>
      <TestMethod codeBase="C:\Documents and Settings\JL\My Documents\Visual Studio 2008\Projects\AutoRFID_JLversion\trunk\AutoRFID\Testes\bin\Debug\Testes.dll" adapterTypeName="Microsoft.VisualStudio.TestTools.TestTypes.Unit.UnitTestAdapter, Microsoft.VisualStudio.QualityTools.Tips.UnitTest.Adapter, Version=9.0.0.0, Culture=neutral, PublicKeyToken=b03f5f7f11d50a3a" className="Testes.FachadaAssociadoTest, Testes" name="ExcluirAssociadoTest" />
    </UnitTest>
    <OrderedTest name="Associado" storage="c:\documents and settings\jl\my documents\visual studio 2008\projects\autorfid_jlversion\trunk\autorfid\testes\associado.orderedtest" id="14daae63-c3c9-49f5-83b4-ed67b0d39d62" continueAfterFailure="true">
      <Css projectStructure="" iteration="" />
      <Execution timeOut="2147483647" id="6c22bafc-53e0-4722-9db3-bf8e84c4ee44" />
      <Owners>
        <Owner name="" />
      </Owners>
      <TestLinks>
        <TestLink id="79eb4cb2-d216-bab4-86f5-34dad42ddb7a" name="InserirAssociadoTest" storage="bin\debug\testes.dll" type="Microsoft.VisualStudio.TestTools.TestTypes.Unit.UnitTestElement, Microsoft.VisualStudio.QualityTools.Tips.UnitTest.ObjectModel,   PublicKeyToken=b03f5f7f11d50a3a" />
        <TestLink id="f1d70b09-4f3e-b6f6-98d9-56fc1ac3f619" name="AlterarAssociadoTest" storage="bin\debug\testes.dll" type="Microsoft.VisualStudio.TestTools.TestTypes.Unit.UnitTestElement, Microsoft.VisualStudio.QualityTools.Tips.UnitTest.ObjectModel,   PublicKeyToken=b03f5f7f11d50a3a" />
        <TestLink id="86f9318d-36c5-1530-1f43-d38616b6be00" name="ConsultarAssociadoTest1" storage="bin\debug\testes.dll" type="Microsoft.VisualStudio.TestTools.TestTypes.Unit.UnitTestElement, Microsoft.VisualStudio.QualityTools.Tips.UnitTest.ObjectModel,   PublicKeyToken=b03f5f7f11d50a3a" />
        <TestLink id="8e2e0b8c-24e1-1157-41fd-8a0d2ef38856" name="ListarAssociadoTest" storage="bin\debug\testes.dll" type="Microsoft.VisualStudio.TestTools.TestTypes.Unit.UnitTestElement, Microsoft.VisualStudio.QualityTools.Tips.UnitTest.ObjectModel,   PublicKeyToken=b03f5f7f11d50a3a" />
        <TestLink id="d2370c58-d793-e03f-1b8b-f87543f174ff" name="ExcluirAssociadoTest" storage="bin\debug\testes.dll" type="Microsoft.VisualStudio.TestTools.TestTypes.Unit.UnitTestElement, Microsoft.VisualStudio.QualityTools.Tips.UnitTest.ObjectModel,   PublicKeyToken=b03f5f7f11d50a3a" />
      </TestLinks>
    </OrderedTest>
  </TestDefinitions>
  <TestLists>
    <TestList name="Results Not in a List" id="8c84fa94-04c1-424b-9868-57a2d4851a1d" />
    <TestList name="All Loaded Results" id="19431567-8539-422a-85d7-44ee4e166bda" />
  </TestLists>
  <TestEntries>
    <TestEntry testId="14daae63-c3c9-49f5-83b4-ed67b0d39d62" executionId="6c22bafc-53e0-4722-9db3-bf8e84c4ee44" testListId="8c84fa94-04c1-424b-9868-57a2d4851a1d">
      <TestEntries>
        <TestEntry testId="79eb4cb2-d216-bab4-86f5-34dad42ddb7a" executionId="5c84b63f-26f2-4044-ae9e-4073273a73bd" parentExecutionId="6c22bafc-53e0-4722-9db3-bf8e84c4ee44" testListId="8c84fa94-04c1-424b-9868-57a2d4851a1d" />
        <TestEntry testId="f1d70b09-4f3e-b6f6-98d9-56fc1ac3f619" executionId="b905efb1-37a9-47f6-a426-fc9469b6a6e5" parentExecutionId="6c22bafc-53e0-4722-9db3-bf8e84c4ee44" testListId="8c84fa94-04c1-424b-9868-57a2d4851a1d" />
        <TestEntry testId="86f9318d-36c5-1530-1f43-d38616b6be00" executionId="41854a00-d828-4e7c-94fa-9bc545fb396c" parentExecutionId="6c22bafc-53e0-4722-9db3-bf8e84c4ee44" testListId="8c84fa94-04c1-424b-9868-57a2d4851a1d" />
        <TestEntry testId="8e2e0b8c-24e1-1157-41fd-8a0d2ef38856" executionId="8388b486-cf88-4bbd-9911-c26d70089b46" parentExecutionId="6c22bafc-53e0-4722-9db3-bf8e84c4ee44" testListId="8c84fa94-04c1-424b-9868-57a2d4851a1d" />
        <TestEntry testId="d2370c58-d793-e03f-1b8b-f87543f174ff" executionId="1d3fe70b-55da-48f4-a29a-78602c48732e" parentExecutionId="6c22bafc-53e0-4722-9db3-bf8e84c4ee44" testListId="8c84fa94-04c1-424b-9868-57a2d4851a1d" />
      </TestEntries>
    </TestEntry>
  </TestEntries>
  <Results>
    <TestResultAggregation executionId="6c22bafc-53e0-4722-9db3-bf8e84c4ee44" testId="14daae63-c3c9-49f5-83b4-ed67b0d39d62" testName="Associado" computerName="JLA" duration="00:00:00.9291094" startTime="2009-10-19T19:48:40.0000000-03:00" endTime="2009-10-19T19:48:40.9375000-03:00" testType="ec4800e8-40e5-4ab3-8510-b8bf29b1904d" outcome="Failed" testListId="8c84fa94-04c1-424b-9868-57a2d4851a1d">
      <Counters error="0" failed="2" timeout="0" aborted="0" inconclusive="0" passedButRunAborted="0" notRunnable="0" notExecuted="0" disconnected="0" warning="0" passed="3" completed="0" inProgress="0" pending="0" />
      <InnerResults>
        <UnitTestResult executionId="5c84b63f-26f2-4044-ae9e-4073273a73bd" parentExecutionId="6c22bafc-53e0-4722-9db3-bf8e84c4ee44" testId="79eb4cb2-d216-bab4-86f5-34dad42ddb7a" testName="InserirAssociadoTest" computerName="JLA" duration="00:00:00.1915394" startTime="2009-10-19T19:48:40.0000000-03:00" endTime="2009-10-19T19:48:40.8906250-03:00" testType="13cdc9d9-ddb5-4fa4-a97d-d965ccfc6d4b" outcome="Failed" testListId="8c84fa94-04c1-424b-9868-57a2d4851a1d">
          <Output>
            <ErrorInfo>
              <Message>Test method Testes.FachadaAssociadoTest.InserirAssociadoTest threw exception:  System.Exception: Associado já cadastrado!.</Message>
              <StackTrace>    at Fachada.Controlador.ControladorAssociado.inserirAssociado(Associado objAssociado) in C:\Documents and Settings\JL\My Documents\Visual Studio 2008\Projects\AutoRFID_JLversion\trunk\AutoRFID\Fachada\Controlador\ControladorAssociado.cs:line 65
   at Fachada.Fachada.Fachada.InserirAssociado(Associado Asso) in C:\Documents and Settings\JL\My Documents\Visual Studio 2008\Projects\AutoRFID_JLversion\trunk\AutoRFID\Fachada\Fachada\Fachada.cs:line 87
   at Testes.FachadaAssociadoTest.InserirAssociadoTest() in C:\Documents and Settings\JL\My Documents\Visual Studio 2008\Projects\AutoRFID_JLversion\trunk\AutoRFID\Testes\FachadaAssociadoTest.cs:line 103
</StackTrace>
            </ErrorInfo>
          </Output>
        </UnitTestResult>
        <UnitTestResult executionId="b905efb1-37a9-47f6-a426-fc9469b6a6e5" parentExecutionId="6c22bafc-53e0-4722-9db3-bf8e84c4ee44" testId="f1d70b09-4f3e-b6f6-98d9-56fc1ac3f619" testName="AlterarAssociadoTest" computerName="JLA" duration="00:00:00.0038963" startTime="2009-10-19T19:48:40.8906250-03:00" endTime="2009-10-19T19:48:40.9062500-03:00" testType="13cdc9d9-ddb5-4fa4-a97d-d965ccfc6d4b" outcome="Failed" testListId="8c84fa94-04c1-424b-9868-57a2d4851a1d">
          <Output>
            <ErrorInfo>
              <Message>Test method Testes.FachadaAssociadoTest.AlterarAssociadoTest threw exception:  System.InvalidOperationException: The CommandText property has not been properly initialized..</Message>
              <StackTrace>    at MySql.Data.MySqlClient.MySqlCommand.ExecuteReader(CommandBehavior behavior)
   at MySql.Data.MySqlClient.MySqlCommand.ExecuteDbDataReader(CommandBehavior behavior)
   at System.Data.Common.DbCommand.System.Data.IDbCommand.ExecuteReader(CommandBehavior behavior)
   at System.Data.Common.DbDataAdapter.FillInternal(DataSet dataset, DataTable[] datatables, Int32 startRecord, Int32 maxRecords, String srcTable, IDbCommand command, CommandBehavior behavior)
   at System.Data.Common.DbDataAdapter.Fill(DataSet dataSet, Int32 startRecord, Int32 maxRecords, String srcTable, IDbCommand command, CommandBehavior behavior)
   at System.Data.Common.DbDataAdapter.Fill(DataSet dataSet, String srcTable)
   at Fachada.Repositorio.RepositorioAssociado.consultarAssociado(String cpfcnpjPass) in C:\Documents and Settings\JL\My Documents\Visual Studio 2008\Projects\AutoRFID_JLversion\trunk\AutoRFID\Fachada\Repositorio\RepositorioAssociado.cs:line 201
   at Fachada.Controlador.ControladorAssociado.consultarAssociado(String cpfcnpj) in C:\Documents and Settings\JL\My Documents\Visual Studio 2008\Projects\AutoRFID_JLversion\trunk\AutoRFID\Fachada\Controlador\ControladorAssociado.cs:line 138
   at Fachada.Fachada.Fachada.ConsultarAssociado(String cpfcnpj) in C:\Documents and Settings\JL\My Documents\Visual Studio 2008\Projects\AutoRFID_JLversion\trunk\AutoRFID\Fachada\Fachada\Fachada.cs:line 107
   at Testes.FachadaAssociadoTest.AlterarAssociadoTest() in C:\Documents and Settings\JL\My Documents\Visual Studio 2008\Projects\AutoRFID_JLversion\trunk\AutoRFID\Testes\FachadaAssociadoTest.cs:line 143
</StackTrace>
            </ErrorInfo>
          </Output>
        </UnitTestResult>
        <UnitTestResult executionId="41854a00-d828-4e7c-94fa-9bc545fb396c" parentExecutionId="6c22bafc-53e0-4722-9db3-bf8e84c4ee44" testId="86f9318d-36c5-1530-1f43-d38616b6be00" testName="ConsultarAssociadoTest1" computerName="JLA" duration="00:00:00.0021586" startTime="2009-10-19T19:48:40.9062500-03:00" endTime="2009-10-19T19:48:40.9062500-03:00" testType="13cdc9d9-ddb5-4fa4-a97d-d965ccfc6d4b" outcome="Passed" testListId="8c84fa94-04c1-424b-9868-57a2d4851a1d">
          <Output>
          </Output>
        </UnitTestResult>
        <UnitTestResult executionId="8388b486-cf88-4bbd-9911-c26d70089b46" parentExecutionId="6c22bafc-53e0-4722-9db3-bf8e84c4ee44" testId="8e2e0b8c-24e1-1157-41fd-8a0d2ef38856" testName="ListarAssociadoTest" computerName="JLA" duration="00:00:00.0034959" startTime="2009-10-19T19:48:40.9062500-03:00" endTime="2009-10-19T19:48:40.9218750-03:00" testType="13cdc9d9-ddb5-4fa4-a97d-d965ccfc6d4b" outcome="Passed" testListId="8c84fa94-04c1-424b-9868-57a2d4851a1d">
          <Output>
          </Output>
        </UnitTestResult>
        <UnitTestResult executionId="1d3fe70b-55da-48f4-a29a-78602c48732e" parentExecutionId="6c22bafc-53e0-4722-9db3-bf8e84c4ee44" testId="d2370c58-d793-e03f-1b8b-f87543f174ff" testName="ExcluirAssociadoTest" computerName="JLA" duration="00:00:00.0061085" startTime="2009-10-19T19:48:40.9218750-03:00" endTime="2009-10-19T19:48:40.9375000-03:00" testType="13cdc9d9-ddb5-4fa4-a97d-d965ccfc6d4b" outcome="Passed" testListId="8c84fa94-04c1-424b-9868-57a2d4851a1d">
          <Output>
          </Output>
        </UnitTestResult>
      </InnerResults>
    </TestResultAggregation>
  </Results>
</TestRun>