<?xml version="1.0" encoding="UTF-8"?>
<TestRun id="5549cfc6-36d5-4ad8-9a99-5170a95d20ac" name="JL@JLA 2009-09-29 19:38:48" runUser="JLA\JL" xmlns="http://microsoft.com/schemas/VisualStudio/TeamTest/2006">
  <TestRunConfiguration name="Local Test Run" id="ddf0a898-0e29-4648-b4ed-936846171b10">
    <Description>This is a default test run configuration for a local test run.</Description>
    <Deployment runDeploymentRoot="C:\AutoRFID\trunk\AutoRFID\TestResults\JL_JLA 2009-09-29 19_38_48">
      <DeploymentItem filename="C:\AutoRFID\trunk\AutoRFID\Fachada\bin\Debug\Fachada.dll" />
    </Deployment>
    <TestTypeSpecific />
  </TestRunConfiguration>
  <ResultSummary outcome="Error">
    <Counters total="15" executed="9" passed="8" error="0" failed="0" timeout="0" aborted="1" inconclusive="0" passedButRunAborted="0" notRunnable="0" notExecuted="6" disconnected="0" warning="0" completed="0" inProgress="0" pending="0" />
    <RunInfos>
      <RunInfo computerName="JLA" outcome="Error" timestamp="2009-09-29T19:39:06.5000000-03:00">
        <Text>Test host process exited unexpectedly.</Text>
      </RunInfo>
    </RunInfos>
  </ResultSummary>
  <Times creation="2009-09-29T19:38:48.1875000-03:00" queuing="2009-09-29T19:38:49.4687500-03:00" start="2009-09-29T19:38:49.8281250-03:00" finish="2009-09-29T19:39:06.5000000-03:00" />
  <TestDefinitions>
    <UnitTest name="AlterarAssociadoTest" storage="c:\autorfid\trunk\autorfid\testes\bin\debug\testes.dll" id="1fe22fba-27ee-5b6e-fef9-18f711cfc2d9">
      <Css projectStructure="" iteration="" />
      <Owners>
        <Owner name="" />
      </Owners>
      <Execution id="99ee56e6-95ec-4b66-9b25-ad8b98bdec7b" />
      <TestMethod codeBase="C:\AutoRFID\trunk\AutoRFID\Testes\bin\Debug\Testes.dll" adapterTypeName="Microsoft.VisualStudio.TestTools.TestTypes.Unit.UnitTestAdapter, Microsoft.VisualStudio.QualityTools.Tips.UnitTest.Adapter, Version=9.0.0.0, Culture=neutral, PublicKeyToken=b03f5f7f11d50a3a" className="Testes.RepositorioEstabelecimentoTest, Testes" name="AlterarAssociadoTest" />
    </UnitTest>
    <UnitTest name="AlterarAssociadoTest" storage="c:\autorfid\trunk\autorfid\testes\bin\debug\testes.dll" id="f1d70b09-4f3e-b6f6-98d9-56fc1ac3f619">
      <Css projectStructure="" iteration="" />
      <Owners>
        <Owner name="" />
      </Owners>
      <Execution id="70285fbc-1f40-489a-9412-206ca7bccfa9" />
      <TestMethod codeBase="C:\AutoRFID\trunk\AutoRFID\Testes\bin\Debug\Testes.dll" adapterTypeName="Microsoft.VisualStudio.TestTools.TestTypes.Unit.UnitTestAdapter, Microsoft.VisualStudio.QualityTools.Tips.UnitTest.Adapter, Version=9.0.0.0, Culture=neutral, PublicKeyToken=b03f5f7f11d50a3a" className="Testes.FachadaAssociadoTest, Testes" name="AlterarAssociadoTest" />
    </UnitTest>
    <UnitTest name="InserirAssociadoTest" storage="c:\autorfid\trunk\autorfid\testes\bin\debug\testes.dll" id="79eb4cb2-d216-bab4-86f5-34dad42ddb7a">
      <Css projectStructure="" iteration="" />
      <Owners>
        <Owner name="" />
      </Owners>
      <Execution id="818467b3-0fa9-471a-b37a-0c0e9be1d9e7" />
      <TestMethod codeBase="C:\AutoRFID\trunk\AutoRFID\Testes\bin\Debug\Testes.dll" adapterTypeName="Microsoft.VisualStudio.TestTools.TestTypes.Unit.UnitTestAdapter, Microsoft.VisualStudio.QualityTools.Tips.UnitTest.Adapter, Version=9.0.0.0, Culture=neutral, PublicKeyToken=b03f5f7f11d50a3a" className="Testes.FachadaAssociadoTest, Testes" name="InserirAssociadoTest" />
    </UnitTest>
    <UnitTest name="InserirEstabelecimentoTest" storage="c:\autorfid\trunk\autorfid\testes\bin\debug\testes.dll" id="ce8744ca-6ff9-56df-8975-f64d38916f3a">
      <Css projectStructure="" iteration="" />
      <Owners>
        <Owner name="" />
      </Owners>
      <Execution id="4905fc03-3675-4b36-b9be-a343fa90fdb6" />
      <TestMethod codeBase="C:\AutoRFID\trunk\AutoRFID\Testes\bin\Debug\Testes.dll" adapterTypeName="Microsoft.VisualStudio.TestTools.TestTypes.Unit.UnitTestAdapter, Microsoft.VisualStudio.QualityTools.Tips.UnitTest.Adapter, Version=9.0.0.0, Culture=neutral, PublicKeyToken=b03f5f7f11d50a3a" className="Testes.RepositorioEstabelecimentoTest, Testes" name="InserirEstabelecimentoTest" />
    </UnitTest>
    <UnitTest name="ExcluirEstabelecimentoTest" storage="c:\autorfid\trunk\autorfid\testes\bin\debug\testes.dll" id="10f2db0d-0924-6d8d-ff2e-6ce53ef7029d">
      <Css projectStructure="" iteration="" />
      <Owners>
        <Owner name="" />
      </Owners>
      <Execution id="d10592c2-ca85-4fc8-96c8-cd34e1708d4b" />
      <TestMethod codeBase="C:\AutoRFID\trunk\AutoRFID\Testes\bin\Debug\Testes.dll" adapterTypeName="Microsoft.VisualStudio.TestTools.TestTypes.Unit.UnitTestAdapter, Microsoft.VisualStudio.QualityTools.Tips.UnitTest.Adapter, Version=9.0.0.0, Culture=neutral, PublicKeyToken=b03f5f7f11d50a3a" className="Testes.RepositorioEstabelecimentoTest, Testes" name="ExcluirEstabelecimentoTest" />
    </UnitTest>
    <UnitTest name="ConsultarAssociadoTest1" storage="c:\autorfid\trunk\autorfid\testes\bin\debug\testes.dll" id="86f9318d-36c5-1530-1f43-d38616b6be00">
      <Css projectStructure="" iteration="" />
      <Owners>
        <Owner name="" />
      </Owners>
      <Execution id="200c16d8-0907-4ba1-9cc7-fffcff495af3" />
      <TestMethod codeBase="C:\AutoRFID\trunk\AutoRFID\Testes\bin\Debug\Testes.dll" adapterTypeName="Microsoft.VisualStudio.TestTools.TestTypes.Unit.UnitTestAdapter, Microsoft.VisualStudio.QualityTools.Tips.UnitTest.Adapter, Version=9.0.0.0, Culture=neutral, PublicKeyToken=b03f5f7f11d50a3a" className="Testes.FachadaAssociadoTest, Testes" name="ConsultarAssociadoTest1" />
    </UnitTest>
    <UnitTest name="AlterarFuncionarioTest" storage="c:\autorfid\trunk\autorfid\testes\bin\debug\testes.dll" id="405addab-7262-0a5a-cd4d-2ab022f9b0be">
      <Css projectStructure="" iteration="" />
      <Owners>
        <Owner name="" />
      </Owners>
      <Execution id="b8d18775-9631-468a-bf69-3ba734193e97" />
      <TestMethod codeBase="C:\AutoRFID\trunk\AutoRFID\Testes\bin\Debug\Testes.dll" adapterTypeName="Microsoft.VisualStudio.TestTools.TestTypes.Unit.UnitTestAdapter, Microsoft.VisualStudio.QualityTools.Tips.UnitTest.Adapter, Version=9.0.0.0, Culture=neutral, PublicKeyToken=b03f5f7f11d50a3a" className="Testes.FachadaFuncionarioTest, Testes" name="AlterarFuncionarioTest" />
    </UnitTest>
    <UnitTest name="ListarEstabelecimento" storage="c:\autorfid\trunk\autorfid\testes\bin\debug\testes.dll" id="e65ca46c-b468-c509-97fd-e4dedb85ec84">
      <Css projectStructure="" iteration="" />
      <Owners>
        <Owner name="" />
      </Owners>
      <Execution id="ac50e253-0b53-4424-9d8d-592ffd94da99" />
      <TestMethod codeBase="C:\AutoRFID\trunk\AutoRFID\Testes\bin\Debug\Testes.dll" adapterTypeName="Microsoft.VisualStudio.TestTools.TestTypes.Unit.UnitTestAdapter, Microsoft.VisualStudio.QualityTools.Tips.UnitTest.Adapter, Version=9.0.0.0, Culture=neutral, PublicKeyToken=b03f5f7f11d50a3a" className="Testes.RepositorioEstabelecimentoTest, Testes" name="ListarEstabelecimento" />
    </UnitTest>
    <UnitTest name="ExcluirAssociadoTest" storage="c:\autorfid\trunk\autorfid\testes\bin\debug\testes.dll" id="d2370c58-d793-e03f-1b8b-f87543f174ff">
      <Css projectStructure="" iteration="" />
      <Owners>
        <Owner name="" />
      </Owners>
      <Execution id="c084775f-ad9d-46e6-845e-5e3e4b1e7ac5" />
      <TestMethod codeBase="C:\AutoRFID\trunk\AutoRFID\Testes\bin\Debug\Testes.dll" adapterTypeName="Microsoft.VisualStudio.TestTools.TestTypes.Unit.UnitTestAdapter, Microsoft.VisualStudio.QualityTools.Tips.UnitTest.Adapter, Version=9.0.0.0, Culture=neutral, PublicKeyToken=b03f5f7f11d50a3a" className="Testes.FachadaAssociadoTest, Testes" name="ExcluirAssociadoTest" />
    </UnitTest>
    <UnitTest name="InserirFuncionarioTest" storage="c:\autorfid\trunk\autorfid\testes\bin\debug\testes.dll" id="dfad1513-8f2d-ec2d-3033-169b501e8432">
      <Css projectStructure="" iteration="" />
      <Owners>
        <Owner name="" />
      </Owners>
      <Execution id="eba91a91-f8d1-4558-9dbe-73bb201d34ff" />
      <TestMethod codeBase="C:\AutoRFID\trunk\AutoRFID\Testes\bin\Debug\Testes.dll" adapterTypeName="Microsoft.VisualStudio.TestTools.TestTypes.Unit.UnitTestAdapter, Microsoft.VisualStudio.QualityTools.Tips.UnitTest.Adapter, Version=9.0.0.0, Culture=neutral, PublicKeyToken=b03f5f7f11d50a3a" className="Testes.FachadaFuncionarioTest, Testes" name="InserirFuncionarioTest" />
    </UnitTest>
    <UnitTest name="ExcluirFuncionarioTest" storage="c:\autorfid\trunk\autorfid\testes\bin\debug\testes.dll" id="b3b638f9-0653-8a45-8c3b-f0f277fbcf8b">
      <Css projectStructure="" iteration="" />
      <Owners>
        <Owner name="" />
      </Owners>
      <Execution id="93ca9cb6-adf7-4f4a-b741-fb2ed977f55b" />
      <TestMethod codeBase="C:\AutoRFID\trunk\AutoRFID\Testes\bin\Debug\Testes.dll" adapterTypeName="Microsoft.VisualStudio.TestTools.TestTypes.Unit.UnitTestAdapter, Microsoft.VisualStudio.QualityTools.Tips.UnitTest.Adapter, Version=9.0.0.0, Culture=neutral, PublicKeyToken=b03f5f7f11d50a3a" className="Testes.FachadaFuncionarioTest, Testes" name="ExcluirFuncionarioTest" />
    </UnitTest>
    <UnitTest name="ConsultarFuncionarioTest1" storage="c:\autorfid\trunk\autorfid\testes\bin\debug\testes.dll" id="41519cc5-c300-645b-3399-81e4cd93d8f4">
      <Css projectStructure="" iteration="" />
      <Owners>
        <Owner name="" />
      </Owners>
      <Execution id="57176882-20c6-4bff-8a4b-64392bc7917e" />
      <TestMethod codeBase="C:\AutoRFID\trunk\AutoRFID\Testes\bin\Debug\Testes.dll" adapterTypeName="Microsoft.VisualStudio.TestTools.TestTypes.Unit.UnitTestAdapter, Microsoft.VisualStudio.QualityTools.Tips.UnitTest.Adapter, Version=9.0.0.0, Culture=neutral, PublicKeyToken=b03f5f7f11d50a3a" className="Testes.FachadaFuncionarioTest, Testes" name="ConsultarFuncionarioTest1" />
    </UnitTest>
    <UnitTest name="ConsultarEstabelecimentoTest1" storage="c:\autorfid\trunk\autorfid\testes\bin\debug\testes.dll" id="411c5840-badd-0c94-4f67-0ebdfda267ca">
      <Css projectStructure="" iteration="" />
      <Owners>
        <Owner name="" />
      </Owners>
      <Execution id="ae343bea-a167-4d9c-b670-51fef9ff0aa7" />
      <TestMethod codeBase="C:\AutoRFID\trunk\AutoRFID\Testes\bin\Debug\Testes.dll" adapterTypeName="Microsoft.VisualStudio.TestTools.TestTypes.Unit.UnitTestAdapter, Microsoft.VisualStudio.QualityTools.Tips.UnitTest.Adapter, Version=9.0.0.0, Culture=neutral, PublicKeyToken=b03f5f7f11d50a3a" className="Testes.RepositorioEstabelecimentoTest, Testes" name="ConsultarEstabelecimentoTest1" />
    </UnitTest>
    <UnitTest name="ListarAssociadoTest" storage="c:\autorfid\trunk\autorfid\testes\bin\debug\testes.dll" id="8e2e0b8c-24e1-1157-41fd-8a0d2ef38856">
      <Css projectStructure="" iteration="" />
      <Owners>
        <Owner name="" />
      </Owners>
      <Execution id="6d7aaae9-8b4e-4c4c-90f2-ac3f437750a2" />
      <TestMethod codeBase="C:\AutoRFID\trunk\AutoRFID\Testes\bin\Debug\Testes.dll" adapterTypeName="Microsoft.VisualStudio.TestTools.TestTypes.Unit.UnitTestAdapter, Microsoft.VisualStudio.QualityTools.Tips.UnitTest.Adapter, Version=9.0.0.0, Culture=neutral, PublicKeyToken=b03f5f7f11d50a3a" className="Testes.FachadaAssociadoTest, Testes" name="ListarAssociadoTest" />
    </UnitTest>
    <UnitTest name="ListarFuncionarioTest" storage="c:\autorfid\trunk\autorfid\testes\bin\debug\testes.dll" id="b1e2b982-79fa-53c4-daa2-de2d38a329e1">
      <Css projectStructure="" iteration="" />
      <Owners>
        <Owner name="" />
      </Owners>
      <Execution id="a1ae9c28-b375-4d34-bddc-96f6de4d2edb" />
      <TestMethod codeBase="C:\AutoRFID\trunk\AutoRFID\Testes\bin\Debug\Testes.dll" adapterTypeName="Microsoft.VisualStudio.TestTools.TestTypes.Unit.UnitTestAdapter, Microsoft.VisualStudio.QualityTools.Tips.UnitTest.Adapter, Version=9.0.0.0, Culture=neutral, PublicKeyToken=b03f5f7f11d50a3a" className="Testes.FachadaFuncionarioTest, Testes" name="ListarFuncionarioTest" />
    </UnitTest>
  </TestDefinitions>
  <TestLists>
    <TestList name="Results Not in a List" id="8c84fa94-04c1-424b-9868-57a2d4851a1d" />
    <TestList name="All Loaded Results" id="19431567-8539-422a-85d7-44ee4e166bda" />
  </TestLists>
  <TestEntries>
    <TestEntry testId="8e2e0b8c-24e1-1157-41fd-8a0d2ef38856" executionId="6d7aaae9-8b4e-4c4c-90f2-ac3f437750a2" testListId="8c84fa94-04c1-424b-9868-57a2d4851a1d" />
    <TestEntry testId="79eb4cb2-d216-bab4-86f5-34dad42ddb7a" executionId="818467b3-0fa9-471a-b37a-0c0e9be1d9e7" testListId="8c84fa94-04c1-424b-9868-57a2d4851a1d" />
    <TestEntry testId="86f9318d-36c5-1530-1f43-d38616b6be00" executionId="200c16d8-0907-4ba1-9cc7-fffcff495af3" testListId="8c84fa94-04c1-424b-9868-57a2d4851a1d" />
    <TestEntry testId="d2370c58-d793-e03f-1b8b-f87543f174ff" executionId="c084775f-ad9d-46e6-845e-5e3e4b1e7ac5" testListId="8c84fa94-04c1-424b-9868-57a2d4851a1d" />
    <TestEntry testId="f1d70b09-4f3e-b6f6-98d9-56fc1ac3f619" executionId="70285fbc-1f40-489a-9412-206ca7bccfa9" testListId="8c84fa94-04c1-424b-9868-57a2d4851a1d" />
    <TestEntry testId="b1e2b982-79fa-53c4-daa2-de2d38a329e1" executionId="a1ae9c28-b375-4d34-bddc-96f6de4d2edb" testListId="8c84fa94-04c1-424b-9868-57a2d4851a1d" />
    <TestEntry testId="dfad1513-8f2d-ec2d-3033-169b501e8432" executionId="eba91a91-f8d1-4558-9dbe-73bb201d34ff" testListId="8c84fa94-04c1-424b-9868-57a2d4851a1d" />
    <TestEntry testId="41519cc5-c300-645b-3399-81e4cd93d8f4" executionId="57176882-20c6-4bff-8a4b-64392bc7917e" testListId="8c84fa94-04c1-424b-9868-57a2d4851a1d" />
    <TestEntry testId="405addab-7262-0a5a-cd4d-2ab022f9b0be" executionId="ca54232b-3782-41a8-b848-8c6046e9c9fc" testListId="8c84fa94-04c1-424b-9868-57a2d4851a1d" />
    <TestEntry testId="e65ca46c-b468-c509-97fd-e4dedb85ec84" executionId="2a6a739c-ed4c-461a-9af7-ca0f67c9024f" testListId="8c84fa94-04c1-424b-9868-57a2d4851a1d" />
    <TestEntry testId="ce8744ca-6ff9-56df-8975-f64d38916f3a" executionId="106e5347-61ed-47c4-a978-c01ee14a8fe4" testListId="8c84fa94-04c1-424b-9868-57a2d4851a1d" />
    <TestEntry testId="411c5840-badd-0c94-4f67-0ebdfda267ca" executionId="9ff2f4b3-9c85-43e6-8058-ef804d4b50fa" testListId="8c84fa94-04c1-424b-9868-57a2d4851a1d" />
    <TestEntry testId="10f2db0d-0924-6d8d-ff2e-6ce53ef7029d" executionId="661c168b-78b2-4868-a71b-5f1d5473804c" testListId="8c84fa94-04c1-424b-9868-57a2d4851a1d" />
    <TestEntry testId="1fe22fba-27ee-5b6e-fef9-18f711cfc2d9" executionId="1c4b7fdd-3597-4deb-aab2-56672c85f504" testListId="8c84fa94-04c1-424b-9868-57a2d4851a1d" />
    <TestEntry testId="b3b638f9-0653-8a45-8c3b-f0f277fbcf8b" executionId="f3b3710e-f501-4373-b81f-f5fc818a16b2" testListId="8c84fa94-04c1-424b-9868-57a2d4851a1d" />
  </TestEntries>
  <Results>
    <UnitTestResult executionId="6d7aaae9-8b4e-4c4c-90f2-ac3f437750a2" testId="8e2e0b8c-24e1-1157-41fd-8a0d2ef38856" testName="ListarAssociadoTest" computerName="JLA" duration="00:00:00.3934491" startTime="2009-09-29T19:38:49.9375000-03:00" endTime="2009-09-29T19:38:51.3437500-03:00" testType="13cdc9d9-ddb5-4fa4-a97d-d965ccfc6d4b" outcome="Passed" testListId="8c84fa94-04c1-424b-9868-57a2d4851a1d">
      <Output>
      </Output>
    </UnitTestResult>
    <UnitTestResult executionId="818467b3-0fa9-471a-b37a-0c0e9be1d9e7" testId="79eb4cb2-d216-bab4-86f5-34dad42ddb7a" testName="InserirAssociadoTest" computerName="JLA" duration="00:00:00.0645076" startTime="2009-09-29T19:38:51.3593750-03:00" endTime="2009-09-29T19:38:51.4218750-03:00" testType="13cdc9d9-ddb5-4fa4-a97d-d965ccfc6d4b" outcome="Passed" testListId="8c84fa94-04c1-424b-9868-57a2d4851a1d">
      <Output>
      </Output>
    </UnitTestResult>
    <UnitTestResult executionId="200c16d8-0907-4ba1-9cc7-fffcff495af3" testId="86f9318d-36c5-1530-1f43-d38616b6be00" testName="ConsultarAssociadoTest1" computerName="JLA" duration="00:00:00.0030280" startTime="2009-09-29T19:38:51.4375000-03:00" endTime="2009-09-29T19:38:51.4375000-03:00" testType="13cdc9d9-ddb5-4fa4-a97d-d965ccfc6d4b" outcome="Passed" testListId="8c84fa94-04c1-424b-9868-57a2d4851a1d">
      <Output>
      </Output>
    </UnitTestResult>
    <UnitTestResult executionId="c084775f-ad9d-46e6-845e-5e3e4b1e7ac5" testId="d2370c58-d793-e03f-1b8b-f87543f174ff" testName="ExcluirAssociadoTest" computerName="JLA" duration="00:00:00.0039443" startTime="2009-09-29T19:38:51.4531250-03:00" endTime="2009-09-29T19:38:51.4531250-03:00" testType="13cdc9d9-ddb5-4fa4-a97d-d965ccfc6d4b" outcome="Passed" testListId="8c84fa94-04c1-424b-9868-57a2d4851a1d">
      <Output>
      </Output>
    </UnitTestResult>
    <UnitTestResult executionId="70285fbc-1f40-489a-9412-206ca7bccfa9" testId="f1d70b09-4f3e-b6f6-98d9-56fc1ac3f619" testName="AlterarAssociadoTest" computerName="JLA" duration="00:00:00.0913054" startTime="2009-09-29T19:38:51.4687500-03:00" endTime="2009-09-29T19:38:51.5625000-03:00" testType="13cdc9d9-ddb5-4fa4-a97d-d965ccfc6d4b" outcome="Passed" testListId="8c84fa94-04c1-424b-9868-57a2d4851a1d">
      <Output>
      </Output>
    </UnitTestResult>
    <UnitTestResult executionId="a1ae9c28-b375-4d34-bddc-96f6de4d2edb" testId="b1e2b982-79fa-53c4-daa2-de2d38a329e1" testName="ListarFuncionarioTest" computerName="JLA" duration="00:00:00.0073503" startTime="2009-09-29T19:38:51.5625000-03:00" endTime="2009-09-29T19:38:51.5781250-03:00" testType="13cdc9d9-ddb5-4fa4-a97d-d965ccfc6d4b" outcome="Passed" testListId="8c84fa94-04c1-424b-9868-57a2d4851a1d">
      <Output>
      </Output>
    </UnitTestResult>
    <UnitTestResult executionId="eba91a91-f8d1-4558-9dbe-73bb201d34ff" testId="dfad1513-8f2d-ec2d-3033-169b501e8432" testName="InserirFuncionarioTest" computerName="JLA" duration="00:00:00.0398500" startTime="2009-09-29T19:38:51.5781250-03:00" endTime="2009-09-29T19:38:51.6250000-03:00" testType="13cdc9d9-ddb5-4fa4-a97d-d965ccfc6d4b" outcome="Passed" testListId="8c84fa94-04c1-424b-9868-57a2d4851a1d">
      <Output>
      </Output>
    </UnitTestResult>
    <UnitTestResult executionId="57176882-20c6-4bff-8a4b-64392bc7917e" testId="41519cc5-c300-645b-3399-81e4cd93d8f4" testName="ConsultarFuncionarioTest1" computerName="JLA" duration="00:00:00.0025486" startTime="2009-09-29T19:38:51.6406250-03:00" endTime="2009-09-29T19:38:51.6406250-03:00" testType="13cdc9d9-ddb5-4fa4-a97d-d965ccfc6d4b" outcome="Passed" testListId="8c84fa94-04c1-424b-9868-57a2d4851a1d">
      <Output>
      </Output>
    </UnitTestResult>
    <UnitTestResult executionId="ca54232b-3782-41a8-b848-8c6046e9c9fc" testId="405addab-7262-0a5a-cd4d-2ab022f9b0be" testName="AlterarFuncionarioTest" computerName="JLA" duration="00:00:14.8593750" startTime="2009-09-29T19:38:51.6406250-03:00" endTime="2009-09-29T19:39:06.5000000-03:00" testType="13cdc9d9-ddb5-4fa4-a97d-d965ccfc6d4b" outcome="Aborted" testListId="8c84fa94-04c1-424b-9868-57a2d4851a1d">
    </UnitTestResult>
    <UnitTestResult executionId="2a6a739c-ed4c-461a-9af7-ca0f67c9024f" testId="e65ca46c-b468-c509-97fd-e4dedb85ec84" testName="ListarEstabelecimento" computerName="JLA" duration="00:00:00" startTime="0001-01-01T00:00:00.0000000-03:00" endTime="0001-01-01T00:00:00.0000000-03:00" testType="13cdc9d9-ddb5-4fa4-a97d-d965ccfc6d4b" outcome="NotExecuted" testListId="8c84fa94-04c1-424b-9868-57a2d4851a1d">
    </UnitTestResult>
    <UnitTestResult executionId="106e5347-61ed-47c4-a978-c01ee14a8fe4" testId="ce8744ca-6ff9-56df-8975-f64d38916f3a" testName="InserirEstabelecimentoTest" computerName="JLA" duration="00:00:00" startTime="0001-01-01T00:00:00.0000000-03:00" endTime="0001-01-01T00:00:00.0000000-03:00" testType="13cdc9d9-ddb5-4fa4-a97d-d965ccfc6d4b" outcome="NotExecuted" testListId="8c84fa94-04c1-424b-9868-57a2d4851a1d">
    </UnitTestResult>
    <UnitTestResult executionId="9ff2f4b3-9c85-43e6-8058-ef804d4b50fa" testId="411c5840-badd-0c94-4f67-0ebdfda267ca" testName="ConsultarEstabelecimentoTest1" computerName="JLA" duration="00:00:00" startTime="0001-01-01T00:00:00.0000000-03:00" endTime="0001-01-01T00:00:00.0000000-03:00" testType="13cdc9d9-ddb5-4fa4-a97d-d965ccfc6d4b" outcome="NotExecuted" testListId="8c84fa94-04c1-424b-9868-57a2d4851a1d">
    </UnitTestResult>
    <UnitTestResult executionId="661c168b-78b2-4868-a71b-5f1d5473804c" testId="10f2db0d-0924-6d8d-ff2e-6ce53ef7029d" testName="ExcluirEstabelecimentoTest" computerName="JLA" duration="00:00:00" startTime="0001-01-01T00:00:00.0000000-03:00" endTime="0001-01-01T00:00:00.0000000-03:00" testType="13cdc9d9-ddb5-4fa4-a97d-d965ccfc6d4b" outcome="NotExecuted" testListId="8c84fa94-04c1-424b-9868-57a2d4851a1d">
    </UnitTestResult>
    <UnitTestResult executionId="1c4b7fdd-3597-4deb-aab2-56672c85f504" testId="1fe22fba-27ee-5b6e-fef9-18f711cfc2d9" testName="AlterarAssociadoTest" computerName="JLA" duration="00:00:00" startTime="0001-01-01T00:00:00.0000000-03:00" endTime="0001-01-01T00:00:00.0000000-03:00" testType="13cdc9d9-ddb5-4fa4-a97d-d965ccfc6d4b" outcome="NotExecuted" testListId="8c84fa94-04c1-424b-9868-57a2d4851a1d">
    </UnitTestResult>
    <UnitTestResult executionId="f3b3710e-f501-4373-b81f-f5fc818a16b2" testId="b3b638f9-0653-8a45-8c3b-f0f277fbcf8b" testName="ExcluirFuncionarioTest" computerName="JLA" duration="00:00:00" startTime="0001-01-01T00:00:00.0000000-03:00" endTime="0001-01-01T00:00:00.0000000-03:00" testType="13cdc9d9-ddb5-4fa4-a97d-d965ccfc6d4b" outcome="NotExecuted" testListId="8c84fa94-04c1-424b-9868-57a2d4851a1d">
    </UnitTestResult>
  </Results>
</TestRun>