<?xml version="1.0" encoding="UTF-8"?>
<TestRun id="6334e8b8-01a7-4e4b-bcca-078135696890" name="JL@JLA 2009-09-23 09:47:35" runUser="JLA\JL" xmlns="http://microsoft.com/schemas/VisualStudio/TeamTest/2006">
  <TestRunConfiguration name="Local Test Run" id="ddf0a898-0e29-4648-b4ed-936846171b10">
    <Description>This is a default test run configuration for a local test run.</Description>
    <Deployment runDeploymentRoot="C:\AutoRFID\trunk\AutoRFID\TestResults\JL_JLA 2009-09-23 09_47_35">
      <DeploymentItem filename="C:\AutoRFID\trunk\AutoRFID\Fachada\bin\Debug\Fachada.dll" />
    </Deployment>
    <TestTypeSpecific />
  </TestRunConfiguration>
  <ResultSummary outcome="Completed">
    <Counters total="2" executed="2" passed="2" error="0" failed="0" timeout="0" aborted="0" inconclusive="0" passedButRunAborted="0" notRunnable="0" notExecuted="0" disconnected="0" warning="0" completed="0" inProgress="0" pending="0" />
  </ResultSummary>
  <Times creation="2009-09-23T09:47:35.5156250-03:00" queuing="2009-09-23T09:47:37.0156250-03:00" start="2009-09-23T09:47:37.3281250-03:00" finish="2009-09-23T09:47:43.1562500-03:00" />
  <TestDefinitions>
    <ManualTest name="ManualTest1" storage="c:\autorfid\trunk\autorfid\testassociado\manualtest1.mht" id="38757606-7f02-48a5-b009-016cd59dd8b7">
      <Css projectStructure="" iteration="" />
      <Description>To do: set description</Description>
      <Owners>
        <Owner name="" />
      </Owners>
      <Execution id="2b11fc72-ee9b-48eb-9959-6b9a74ce7d6b" />
    </ManualTest>
    <UnitTest name="TestMethod1" storage="c:\autorfid\trunk\autorfid\testassociado\bin\debug\testassociado.dll" id="a72f7e6f-4c24-d5d0-ab8a-25f7cc323559">
      <Css projectStructure="" iteration="" />
      <Owners>
        <Owner name="" />
      </Owners>
      <Execution id="0574c76e-873e-4b25-9b30-20f503b66e5e" />
      <TestMethod codeBase="C:\AutoRFID\trunk\AutoRFID\TestAssociado\bin\Debug\TestAssociado.dll" adapterTypeName="Microsoft.VisualStudio.TestTools.TestTypes.Unit.UnitTestAdapter, Microsoft.VisualStudio.QualityTools.Tips.UnitTest.Adapter, Version=9.0.0.0, Culture=neutral, PublicKeyToken=b03f5f7f11d50a3a" className="TestAssociado.TestInclusao, TestAssociado" name="TestMethod1" />
    </UnitTest>
  </TestDefinitions>
  <TestLists>
    <TestList name="Results Not in a List" id="8c84fa94-04c1-424b-9868-57a2d4851a1d" />
    <TestList name="All Loaded Results" id="19431567-8539-422a-85d7-44ee4e166bda" />
  </TestLists>
  <TestEntries>
    <TestEntry testId="38757606-7f02-48a5-b009-016cd59dd8b7" executionId="2b11fc72-ee9b-48eb-9959-6b9a74ce7d6b" testListId="8c84fa94-04c1-424b-9868-57a2d4851a1d" />
    <TestEntry testId="a72f7e6f-4c24-d5d0-ab8a-25f7cc323559" executionId="0574c76e-873e-4b25-9b30-20f503b66e5e" testListId="8c84fa94-04c1-424b-9868-57a2d4851a1d" />
  </TestEntries>
  <Results>
    <ManualTestResult executionId="2b11fc72-ee9b-48eb-9959-6b9a74ce7d6b" testId="38757606-7f02-48a5-b009-016cd59dd8b7" testName="ManualTest1" computerName="JLA" duration="00:00:04.1289457" startTime="2009-09-23T09:47:37.4062500-03:00" endTime="2009-09-23T09:47:41.5312500-03:00" testType="7a24f8ff-85da-d664-ef44-83ff4743dae6" outcome="Passed" testListId="8c84fa94-04c1-424b-9868-57a2d4851a1d" testFile="C:\AutoRFID\trunk\AutoRFID\TestResults\JL_JLA 2009-09-23 09_47_35\Out\manualtest1.mht">
    </ManualTestResult>
    <UnitTestResult executionId="0574c76e-873e-4b25-9b30-20f503b66e5e" testId="a72f7e6f-4c24-d5d0-ab8a-25f7cc323559" testName="TestMethod1" computerName="JLA" duration="00:00:00.4495792" startTime="2009-09-23T09:47:41.5781250-03:00" endTime="2009-09-23T09:47:43.0468750-03:00" testType="13cdc9d9-ddb5-4fa4-a97d-d965ccfc6d4b" outcome="Passed" testListId="8c84fa94-04c1-424b-9868-57a2d4851a1d">
      <Output>
      </Output>
    </UnitTestResult>
  </Results>
</TestRun>