<?xml version="1.0" encoding="UTF-8"?>
<TestRun id="724010c6-aad7-4561-97fe-63380d6979cd" name="JL@JLA 2009-09-23 08:02:55" runUser="JLA\JL" xmlns="http://microsoft.com/schemas/VisualStudio/TeamTest/2006">
  <TestRunConfiguration name="Local Test Run" id="ddf0a898-0e29-4648-b4ed-936846171b10">
    <Description>This is a default test run configuration for a local test run.</Description>
    <Deployment runDeploymentRoot="C:\AutoRFID\trunk\AutoRFID\TestResults\JL_JLA 2009-09-23 08_02_55">
      <DeploymentItem filename="C:\AutoRFID\trunk\AutoRFID\Fachada\bin\Debug\Fachada.dll" />
    </Deployment>
    <TestTypeSpecific />
  </TestRunConfiguration>
  <ResultSummary outcome="Error">
    <Counters total="1" error="0" failed="0" timeout="0" aborted="0" inconclusive="0" passedButRunAborted="0" notRunnable="0" notExecuted="1" disconnected="0" warning="0" passed="0" completed="0" inProgress="0" pending="0" />
    <RunInfos>
      <RunInfo computerName="JLA" outcome="Error" timestamp="2009-09-23T08:07:49.7187500-03:00">
        <Text>Failed to pause test run 'JL@JLA 2009-09-23 08:02:55': Port is Busy: Todos os pipes estão ocupados.
</Text>
        <Exception>System.Runtime.Remoting.RemotingException: Port is Busy: Todos os pipes estão ocupados.


Server stack trace: 
   at System.Runtime.Remoting.Channels.Ipc.IpcPort.Connect(String portName, Boolean secure, TokenImpersonationLevel impersonationLevel, Int32 timeout)
   at System.Runtime.Remoting.Channels.Ipc.ConnectionCache.GetConnection(String portName, Boolean secure, TokenImpersonationLevel level, Int32 timeout)
   at System.Runtime.Remoting.Channels.Ipc.IpcClientTransportSink.ProcessMessage(IMessage msg, ITransportHeaders requestHeaders, Stream requestStream, ITransportHeaders&amp; responseHeaders, Stream&amp; responseStream)
   at System.Runtime.Remoting.Channels.BinaryClientFormatterSink.SyncProcessMessage(IMessage msg)

Exception rethrown at [0]: 
   at System.Runtime.Remoting.Proxies.RealProxy.HandleReturnMessage(IMessage reqMsg, IMessage retMsg)
   at System.Runtime.Remoting.Proxies.RealProxy.PrivateInvoke(MessageData&amp; msgData, Int32 type)
   at Microsoft.VisualStudio.TestTools.Controller.IControllerExecution.PauseTestRun(Guid testRunId)
   at Microsoft.VisualStudio.TestTools.TestManagement.ControllerProxy.PauseTestRunWorker(Object o)</Exception>
      </RunInfo>
      <RunInfo computerName="JLA" outcome="Error" timestamp="2009-09-23T08:07:49.7343750-03:00">
        <Text>Failed to stop test run 'JL@JLA 2009-09-23 08:02:55': Port is Busy: Todos os pipes estão ocupados.
</Text>
        <Exception>System.Runtime.Remoting.RemotingException: Port is Busy: Todos os pipes estão ocupados.


Server stack trace: 
   at System.Runtime.Remoting.Channels.Ipc.IpcPort.Connect(String portName, Boolean secure, TokenImpersonationLevel impersonationLevel, Int32 timeout)
   at System.Runtime.Remoting.Channels.Ipc.ConnectionCache.GetConnection(String portName, Boolean secure, TokenImpersonationLevel level, Int32 timeout)
   at System.Runtime.Remoting.Channels.Ipc.IpcClientTransportSink.ProcessMessage(IMessage msg, ITransportHeaders requestHeaders, Stream requestStream, ITransportHeaders&amp; responseHeaders, Stream&amp; responseStream)
   at System.Runtime.Remoting.Channels.BinaryClientFormatterSink.SyncProcessMessage(IMessage msg)

Exception rethrown at [0]: 
   at System.Runtime.Remoting.Proxies.RealProxy.HandleReturnMessage(IMessage reqMsg, IMessage retMsg)
   at System.Runtime.Remoting.Proxies.RealProxy.PrivateInvoke(MessageData&amp; msgData, Int32 type)
   at Microsoft.VisualStudio.TestTools.Controller.IControllerExecution.StopTestRun(Guid testRunId)
   at Microsoft.VisualStudio.TestTools.TestManagement.ControllerProxy.StopTestRunWorker(Object o)</Exception>
      </RunInfo>
      <RunInfo computerName="JLA" outcome="Error" timestamp="2009-09-23T08:07:49.7343750-03:00">
        <Text>Failed to stop test run 'JL@JLA 2009-09-23 08:02:55': Port is Busy: Todos os pipes estão ocupados.
</Text>
        <Exception>System.Runtime.Remoting.RemotingException: Port is Busy: Todos os pipes estão ocupados.


Server stack trace: 
   at System.Runtime.Remoting.Channels.Ipc.IpcPort.Connect(String portName, Boolean secure, TokenImpersonationLevel impersonationLevel, Int32 timeout)
   at System.Runtime.Remoting.Channels.Ipc.ConnectionCache.GetConnection(String portName, Boolean secure, TokenImpersonationLevel level, Int32 timeout)
   at System.Runtime.Remoting.Channels.Ipc.IpcClientTransportSink.ProcessMessage(IMessage msg, ITransportHeaders requestHeaders, Stream requestStream, ITransportHeaders&amp; responseHeaders, Stream&amp; responseStream)
   at System.Runtime.Remoting.Channels.BinaryClientFormatterSink.SyncProcessMessage(IMessage msg)

Exception rethrown at [0]: 
   at System.Runtime.Remoting.Proxies.RealProxy.HandleReturnMessage(IMessage reqMsg, IMessage retMsg)
   at System.Runtime.Remoting.Proxies.RealProxy.PrivateInvoke(MessageData&amp; msgData, Int32 type)
   at Microsoft.VisualStudio.TestTools.Controller.IControllerExecution.StopTestRun(Guid testRunId)
   at Microsoft.VisualStudio.TestTools.TestManagement.ControllerProxy.StopTestRunWorker(Object o)</Exception>
      </RunInfo>
      <RunInfo computerName="JLA" outcome="Error" timestamp="2009-09-23T08:07:49.7343750-03:00">
        <Text>Failed to stop test run 'JL@JLA 2009-09-23 08:02:55': Port is Busy: Todos os pipes estão ocupados.
</Text>
        <Exception>System.Runtime.Remoting.RemotingException: Port is Busy: Todos os pipes estão ocupados.


Server stack trace: 
   at System.Runtime.Remoting.Channels.Ipc.IpcPort.Connect(String portName, Boolean secure, TokenImpersonationLevel impersonationLevel, Int32 timeout)
   at System.Runtime.Remoting.Channels.Ipc.ConnectionCache.GetConnection(String portName, Boolean secure, TokenImpersonationLevel level, Int32 timeout)
   at System.Runtime.Remoting.Channels.Ipc.IpcClientTransportSink.ProcessMessage(IMessage msg, ITransportHeaders requestHeaders, Stream requestStream, ITransportHeaders&amp; responseHeaders, Stream&amp; responseStream)
   at System.Runtime.Remoting.Channels.BinaryClientFormatterSink.SyncProcessMessage(IMessage msg)

Exception rethrown at [0]: 
   at System.Runtime.Remoting.Proxies.RealProxy.HandleReturnMessage(IMessage reqMsg, IMessage retMsg)
   at System.Runtime.Remoting.Proxies.RealProxy.PrivateInvoke(MessageData&amp; msgData, Int32 type)
   at Microsoft.VisualStudio.TestTools.Controller.IControllerExecution.StopTestRun(Guid testRunId)
   at Microsoft.VisualStudio.TestTools.TestManagement.ControllerProxy.StopTestRunWorker(Object o)</Exception>
      </RunInfo>
      <RunInfo computerName="JLA" outcome="Error" timestamp="2009-09-23T08:07:49.7500000-03:00">
        <Text>Failed to stop test run 'JL@JLA 2009-09-23 08:02:55': Port is Busy: Todos os pipes estão ocupados.
</Text>
        <Exception>System.Runtime.Remoting.RemotingException: Port is Busy: Todos os pipes estão ocupados.


Server stack trace: 
   at System.Runtime.Remoting.Channels.Ipc.IpcPort.Connect(String portName, Boolean secure, TokenImpersonationLevel impersonationLevel, Int32 timeout)
   at System.Runtime.Remoting.Channels.Ipc.ConnectionCache.GetConnection(String portName, Boolean secure, TokenImpersonationLevel level, Int32 timeout)
   at System.Runtime.Remoting.Channels.Ipc.IpcClientTransportSink.ProcessMessage(IMessage msg, ITransportHeaders requestHeaders, Stream requestStream, ITransportHeaders&amp; responseHeaders, Stream&amp; responseStream)
   at System.Runtime.Remoting.Channels.BinaryClientFormatterSink.SyncProcessMessage(IMessage msg)

Exception rethrown at [0]: 
   at System.Runtime.Remoting.Proxies.RealProxy.HandleReturnMessage(IMessage reqMsg, IMessage retMsg)
   at System.Runtime.Remoting.Proxies.RealProxy.PrivateInvoke(MessageData&amp; msgData, Int32 type)
   at Microsoft.VisualStudio.TestTools.Controller.IControllerExecution.StopTestRun(Guid testRunId)
   at Microsoft.VisualStudio.TestTools.TestManagement.ControllerProxy.StopTestRunWorker(Object o)</Exception>
      </RunInfo>
      <RunInfo computerName="JLA" outcome="Error" timestamp="2009-09-23T08:07:49.7656250-03:00">
        <Text>Failed to stop test run 'JL@JLA 2009-09-23 08:02:55': Port is Busy: Todos os pipes estão ocupados.
</Text>
        <Exception>System.Runtime.Remoting.RemotingException: Port is Busy: Todos os pipes estão ocupados.


Server stack trace: 
   at System.Runtime.Remoting.Channels.Ipc.IpcPort.Connect(String portName, Boolean secure, TokenImpersonationLevel impersonationLevel, Int32 timeout)
   at System.Runtime.Remoting.Channels.Ipc.ConnectionCache.GetConnection(String portName, Boolean secure, TokenImpersonationLevel level, Int32 timeout)
   at System.Runtime.Remoting.Channels.Ipc.IpcClientTransportSink.ProcessMessage(IMessage msg, ITransportHeaders requestHeaders, Stream requestStream, ITransportHeaders&amp; responseHeaders, Stream&amp; responseStream)
   at System.Runtime.Remoting.Channels.BinaryClientFormatterSink.SyncProcessMessage(IMessage msg)

Exception rethrown at [0]: 
   at System.Runtime.Remoting.Proxies.RealProxy.HandleReturnMessage(IMessage reqMsg, IMessage retMsg)
   at System.Runtime.Remoting.Proxies.RealProxy.PrivateInvoke(MessageData&amp; msgData, Int32 type)
   at Microsoft.VisualStudio.TestTools.Controller.IControllerExecution.StopTestRun(Guid testRunId)
   at Microsoft.VisualStudio.TestTools.TestManagement.ControllerProxy.StopTestRunWorker(Object o)</Exception>
      </RunInfo>
      <RunInfo computerName="JLA" outcome="Error" timestamp="2009-09-23T08:07:49.8281250-03:00">
        <Text>Failed to stop test run 'JL@JLA 2009-09-23 08:02:55': Failed to read from an IPC Port: O pipe foi finalizado.
</Text>
        <Exception>System.Runtime.Remoting.RemotingException: Failed to read from an IPC Port: O pipe foi finalizado.


Server stack trace: 
   at System.Runtime.Remoting.Channels.Ipc.IpcPort.Read(Byte[] data, Int32 offset, Int32 length)
   at System.Runtime.Remoting.Channels.Ipc.PipeStream.Read(Byte[] buffer, Int32 offset, Int32 size)
   at System.Runtime.Remoting.Channels.SocketHandler.ReadFromSocket(Byte[] buffer, Int32 offset, Int32 count)
   at System.Runtime.Remoting.Channels.SocketHandler.Read(Byte[] buffer, Int32 offset, Int32 count)
   at System.Runtime.Remoting.Channels.SocketHandler.ReadAndMatchFourBytes(Byte[] buffer)
   at System.Runtime.Remoting.Channels.Tcp.TcpSocketHandler.ReadAndMatchPreamble()
   at System.Runtime.Remoting.Channels.Tcp.TcpSocketHandler.ReadVersionAndOperation(UInt16&amp; operation)
   at System.Runtime.Remoting.Channels.Ipc.IpcClientHandler.ReadHeaders()
   at System.Runtime.Remoting.Channels.Ipc.IpcClientTransportSink.ProcessMessage(IMessage msg, ITransportHeaders requestHeaders, Stream requestStream, ITransportHeaders&amp; responseHeaders, Stream&amp; responseStream)
   at System.Runtime.Remoting.Channels.BinaryClientFormatterSink.SyncProcessMessage(IMessage msg)

Exception rethrown at [0]: 
   at System.Runtime.Remoting.Proxies.RealProxy.HandleReturnMessage(IMessage reqMsg, IMessage retMsg)
   at System.Runtime.Remoting.Proxies.RealProxy.PrivateInvoke(MessageData&amp; msgData, Int32 type)
   at Microsoft.VisualStudio.TestTools.Controller.IControllerExecution.StopTestRun(Guid testRunId)
   at Microsoft.VisualStudio.TestTools.TestManagement.ControllerProxy.StopTestRunWorker(Object o)</Exception>
      </RunInfo>
    </RunInfos>
  </ResultSummary>
  <Times creation="2009-09-23T08:02:55.9062500-03:00" queuing="2009-09-23T08:02:57.3906250-03:00" start="2009-09-23T08:02:57.6875000-03:00" finish="2009-09-23T08:07:49.8281250-03:00" />
  <TestDefinitions>
    <UnitTest name="TestMethod1" storage="c:\autorfid\trunk\autorfid\testassociado\bin\debug\testassociado.dll" id="a72f7e6f-4c24-d5d0-ab8a-25f7cc323559">
      <Css projectStructure="" iteration="" />
      <Owners>
        <Owner name="" />
      </Owners>
      <Execution id="2a987d48-987b-4424-b4ad-b6fcaf7a0834" />
      <TestMethod codeBase="C:\AutoRFID\trunk\AutoRFID\TestAssociado\bin\Debug\TestAssociado.dll" adapterTypeName="Microsoft.VisualStudio.TestTools.TestTypes.Unit.UnitTestAdapter, Microsoft.VisualStudio.QualityTools.Tips.UnitTest.Adapter, Version=9.0.0.0, Culture=neutral, PublicKeyToken=b03f5f7f11d50a3a" className="TestAssociado.TestInclusao, TestAssociado" name="TestMethod1" />
    </UnitTest>
  </TestDefinitions>
  <TestLists>
    <TestList name="Results Not in a List" id="8c84fa94-04c1-424b-9868-57a2d4851a1d" />
    <TestList name="All Loaded Results" id="19431567-8539-422a-85d7-44ee4e166bda" />
  </TestLists>
  <TestEntries>
    <TestEntry testId="a72f7e6f-4c24-d5d0-ab8a-25f7cc323559" executionId="5eb43e0f-b514-4894-be3a-5fc2b1465797" testListId="8c84fa94-04c1-424b-9868-57a2d4851a1d" />
  </TestEntries>
  <Results>
    <UnitTestResult executionId="5eb43e0f-b514-4894-be3a-5fc2b1465797" testId="a72f7e6f-4c24-d5d0-ab8a-25f7cc323559" testName="TestMethod1" computerName="JLA" duration="00:00:00" startTime="2009-09-23T08:02:57.8593750-03:00" endTime="0001-01-01T00:00:00.0000000-03:00" testType="13cdc9d9-ddb5-4fa4-a97d-d965ccfc6d4b" outcome="NotExecuted" testListId="8c84fa94-04c1-424b-9868-57a2d4851a1d">
    </UnitTestResult>
  </Results>
</TestRun>